{"/home/travis/build/npmtest/node-npmtest-xmlhttprequest/test.js":{"path":"/home/travis/build/npmtest/node-npmtest-xmlhttprequest/test.js","s":{"1":2,"2":2,"3":2,"4":2,"5":2,"6":2,"7":2,"8":1,"9":2,"10":2,"11":1,"12":1,"13":1,"14":1,"15":2,"16":2,"17":2,"18":2,"19":1,"20":1,"21":2,"22":2,"23":2,"24":1,"25":1,"26":1,"27":1,"28":1,"29":1,"30":1,"31":1,"32":1,"33":1,"34":1,"35":1,"36":1,"37":1,"38":1,"39":2,"40":2,"41":1,"42":2,"43":2,"44":1,"45":2,"46":2,"47":1,"48":2,"49":2,"50":1,"51":1,"52":1,"53":1,"54":1},"b":{"1":[2,1,1,1],"2":[1,1,1,1],"3":[1,1],"4":[1,1],"5":[1,1],"6":[1,1],"7":[1,1],"8":[1,1],"9":[1,1],"10":[1,1,1],"11":[1,1],"12":[1,1],"13":[1,1],"14":[1,1],"15":[1,1],"16":[1,1],"17":[1,1]},"f":{"1":2,"2":2,"3":2,"4":2,"5":2,"6":1,"7":1,"8":1,"9":2,"10":2,"11":2,"12":2,"13":1},"fnMap":{"1":{"name":"(anonymous_1)","line":12,"loc":{"start":{"line":12,"column":1},"end":{"line":12,"column":13}}},"2":{"name":"(anonymous_2)","line":19,"loc":{"start":{"line":19,"column":5},"end":{"line":19,"column":17}}},"3":{"name":"(anonymous_3)","line":23,"loc":{"start":{"line":23,"column":24},"end":{"line":23,"column":36}}},"4":{"name":"(anonymous_4)","line":61,"loc":{"start":{"line":61,"column":5},"end":{"line":61,"column":17}}},"5":{"name":"(anonymous_5)","line":82,"loc":{"start":{"line":82,"column":5},"end":{"line":82,"column":17}}},"6":{"name":"(anonymous_6)","line":91,"loc":{"start":{"line":91,"column":77},"end":{"line":94,"column":10}}},"7":{"name":"(anonymous_7)","line":112,"loc":{"start":{"line":112,"column":83},"end":{"line":115,"column":10}},"skip":true},"8":{"name":"(anonymous_8)","line":123,"loc":{"start":{"line":123,"column":77},"end":{"line":126,"column":10}},"skip":true},"9":{"name":"(anonymous_9)","line":139,"loc":{"start":{"line":139,"column":12},"end":{"line":139,"column":40}},"skip":true},"10":{"name":"(anonymous_10)","line":147,"loc":{"start":{"line":147,"column":77},"end":{"line":150,"column":10}},"skip":true},"11":{"name":"(anonymous_11)","line":158,"loc":{"start":{"line":158,"column":83},"end":{"line":161,"column":10}},"skip":true},"12":{"name":"(anonymous_12)","line":169,"loc":{"start":{"line":169,"column":79},"end":{"line":172,"column":10}},"skip":true},"13":{"name":"(anonymous_13)","line":180,"loc":{"start":{"line":180,"column":75},"end":{"line":183,"column":10}},"skip":true}},"statementMap":{"1":{"start":{"line":12,"column":0},"end":{"line":195,"column":5}},"2":{"start":{"line":14,"column":4},"end":{"line":14,"column":14}},"3":{"start":{"line":19,"column":4},"end":{"line":56,"column":9}},"4":{"start":{"line":21,"column":8},"end":{"line":21,"column":19}},"5":{"start":{"line":23,"column":8},"end":{"line":35,"column":13}},"6":{"start":{"line":24,"column":12},"end":{"line":34,"column":13}},"7":{"start":{"line":25,"column":16},"end":{"line":28,"column":30}},"8":{"start":{"line":30,"column":16},"end":{"line":33,"column":27}},"9":{"start":{"line":37,"column":8},"end":{"line":39,"column":21}},"10":{"start":{"line":40,"column":8},"end":{"line":53,"column":9}},"11":{"start":{"line":43,"column":12},"end":{"line":46,"column":14}},"12":{"start":{"line":47,"column":12},"end":{"line":47,"column":18}},"13":{"start":{"line":50,"column":12},"end":{"line":51,"column":46}},"14":{"start":{"line":52,"column":12},"end":{"line":52,"column":18}},"15":{"start":{"line":55,"column":8},"end":{"line":55,"column":35}},"16":{"start":{"line":61,"column":4},"end":{"line":63,"column":9}},"17":{"start":{"line":62,"column":8},"end":{"line":62,"column":15}},"18":{"start":{"line":64,"column":4},"end":{"line":77,"column":5}},"19":{"start":{"line":70,"column":8},"end":{"line":70,"column":14}},"20":{"start":{"line":76,"column":8},"end":{"line":76,"column":14}},"21":{"start":{"line":82,"column":4},"end":{"line":84,"column":9}},"22":{"start":{"line":83,"column":8},"end":{"line":83,"column":15}},"23":{"start":{"line":85,"column":4},"end":{"line":194,"column":5}},"24":{"start":{"line":91,"column":8},"end":{"line":99,"column":10}},"25":{"start":{"line":98,"column":12},"end":{"line":98,"column":35}},"26":{"start":{"line":102,"column":8},"end":{"line":104,"column":63}},"27":{"start":{"line":105,"column":8},"end":{"line":105,"column":14}},"28":{"start":{"line":112,"column":8},"end":{"line":121,"column":10},"skip":true},"29":{"start":{"line":119,"column":12},"end":{"line":119,"column":55},"skip":true},"30":{"start":{"line":120,"column":12},"end":{"line":120,"column":48},"skip":true},"31":{"start":{"line":123,"column":8},"end":{"line":136,"column":10},"skip":true},"32":{"start":{"line":130,"column":12},"end":{"line":130,"column":76},"skip":true},"33":{"start":{"line":131,"column":12},"end":{"line":131,"column":73},"skip":true},"34":{"start":{"line":132,"column":12},"end":{"line":132,"column":74},"skip":true},"35":{"start":{"line":133,"column":12},"end":{"line":133,"column":79},"skip":true},"36":{"start":{"line":134,"column":12},"end":{"line":134,"column":25},"skip":true},"37":{"start":{"line":135,"column":12},"end":{"line":135,"column":45},"skip":true},"38":{"start":{"line":138,"column":8},"end":{"line":145,"column":14},"skip":true},"39":{"start":{"line":143,"column":16},"end":{"line":143,"column":29},"skip":true},"40":{"start":{"line":144,"column":16},"end":{"line":144,"column":55},"skip":true},"41":{"start":{"line":147,"column":8},"end":{"line":156,"column":10},"skip":true},"42":{"start":{"line":154,"column":12},"end":{"line":154,"column":25},"skip":true},"43":{"start":{"line":155,"column":12},"end":{"line":155,"column":45},"skip":true},"44":{"start":{"line":158,"column":8},"end":{"line":167,"column":10},"skip":true},"45":{"start":{"line":165,"column":12},"end":{"line":165,"column":25},"skip":true},"46":{"start":{"line":166,"column":12},"end":{"line":166,"column":48},"skip":true},"47":{"start":{"line":169,"column":8},"end":{"line":178,"column":10},"skip":true},"48":{"start":{"line":176,"column":12},"end":{"line":176,"column":25},"skip":true},"49":{"start":{"line":177,"column":12},"end":{"line":177,"column":46},"skip":true},"50":{"start":{"line":180,"column":8},"end":{"line":189,"column":10},"skip":true},"51":{"start":{"line":187,"column":12},"end":{"line":187,"column":94},"skip":true},"52":{"start":{"line":188,"column":12},"end":{"line":188,"column":48},"skip":true},"53":{"start":{"line":192,"column":8},"end":{"line":192,"column":35},"skip":true},"54":{"start":{"line":193,"column":8},"end":{"line":193,"column":14},"skip":true}},"branchMap":{"1":{"line":25,"type":"binary-expr","locations":[{"start":{"line":25,"column":23},"end":{"line":25,"column":62}},{"start":{"line":26,"column":20},"end":{"line":26,"column":70}},{"start":{"line":27,"column":20},"end":{"line":27,"column":71}},{"start":{"line":28,"column":20},"end":{"line":28,"column":29}}]},"2":{"line":30,"type":"binary-expr","locations":[{"start":{"line":30,"column":23},"end":{"line":30,"column":37}},{"start":{"line":31,"column":20},"end":{"line":31,"column":61}},{"start":{"line":32,"column":20},"end":{"line":32,"column":70}},{"start":{"line":33,"column":20},"end":{"line":33,"column":26}}]},"3":{"line":37,"type":"cond-expr","locations":[{"start":{"line":38,"column":14},"end":{"line":38,"column":20}},{"start":{"line":39,"column":14},"end":{"line":39,"column":20}}]},"4":{"line":40,"type":"switch","locations":[{"start":{"line":42,"column":8},"end":{"line":47,"column":18}},{"start":{"line":49,"column":8},"end":{"line":52,"column":18}}]},"5":{"line":44,"type":"binary-expr","locations":[{"start":{"line":44,"column":16},"end":{"line":44,"column":44}},{"start":{"line":44,"column":48},"end":{"line":44,"column":66}}]},"6":{"line":50,"type":"binary-expr","locations":[{"start":{"line":50,"column":21},"end":{"line":50,"column":49}},{"start":{"line":50,"column":53},"end":{"line":50,"column":72}}]},"7":{"line":64,"type":"switch","locations":[{"start":{"line":69,"column":4},"end":{"line":70,"column":14}},{"start":{"line":75,"column":4},"end":{"line":76,"column":14}}]},"8":{"line":85,"type":"switch","locations":[{"start":{"line":90,"column":4},"end":{"line":105,"column":14}},{"start":{"line":111,"column":4},"end":{"line":193,"column":14},"skip":true}]},"9":{"line":91,"type":"binary-expr","locations":[{"start":{"line":91,"column":42},"end":{"line":91,"column":73}},{"start":{"line":91,"column":77},"end":{"line":99,"column":9}}]},"10":{"line":102,"type":"binary-expr","locations":[{"start":{"line":102,"column":18},"end":{"line":102,"column":32}},{"start":{"line":103,"column":12},"end":{"line":103,"column":53}},{"start":{"line":104,"column":12},"end":{"line":104,"column":61}}]},"11":{"line":112,"type":"binary-expr","locations":[{"start":{"line":112,"column":45},"end":{"line":112,"column":79},"skip":true},{"start":{"line":112,"column":83},"end":{"line":121,"column":9},"skip":true}]},"12":{"line":123,"type":"binary-expr","locations":[{"start":{"line":123,"column":42},"end":{"line":123,"column":73},"skip":true},{"start":{"line":123,"column":77},"end":{"line":136,"column":9},"skip":true}]},"13":{"line":138,"type":"binary-expr","locations":[{"start":{"line":138,"column":48},"end":{"line":138,"column":85},"skip":true},{"start":{"line":139,"column":12},"end":{"line":145,"column":13},"skip":true}]},"14":{"line":147,"type":"binary-expr","locations":[{"start":{"line":147,"column":42},"end":{"line":147,"column":73},"skip":true},{"start":{"line":147,"column":77},"end":{"line":156,"column":9},"skip":true}]},"15":{"line":158,"type":"binary-expr","locations":[{"start":{"line":158,"column":45},"end":{"line":158,"column":79},"skip":true},{"start":{"line":158,"column":83},"end":{"line":167,"column":9},"skip":true}]},"16":{"line":169,"type":"binary-expr","locations":[{"start":{"line":169,"column":43},"end":{"line":169,"column":75},"skip":true},{"start":{"line":169,"column":79},"end":{"line":178,"column":9},"skip":true}]},"17":{"line":180,"type":"binary-expr","locations":[{"start":{"line":180,"column":41},"end":{"line":180,"column":71},"skip":true},{"start":{"line":180,"column":75},"end":{"line":189,"column":9},"skip":true}]}},"code":["/* istanbul instrument in package npmtest_xmlhttprequest */","/*jslint","    bitwise: true,","    browser: true,","    maxerr: 8,","    maxlen: 96,","    node: true,","    nomen: true,","    regexp: true,","    stupid: true","*/","(function () {","    'use strict';","    var local;","","","","    // run shared js-env code - pre-init","    (function () {","        // init local","        local = {};","        // init modeJs","        local.modeJs = (function () {","            try {","                return typeof navigator.userAgent === 'string' &&","                    typeof document.querySelector('body') === 'object' &&","                    typeof XMLHttpRequest.prototype.open === 'function' &&","                    'browser';","            } catch (errorCaughtBrowser) {","                return module.exports &&","                    typeof process.versions.node === 'string' &&","                    typeof require('http').createServer === 'function' &&","                    'node';","            }","        }());","        // init global","        local.global = local.modeJs === 'browser'","            ? window","            : global;","        switch (local.modeJs) {","        // re-init local from window.local","        case 'browser':","            local = local.global.utility2.objectSetDefault(","                local.global.utility2_rollup || local.global.local,","                local.global.utility2","            );","            break;","        // re-init local from example.js","        case 'node':","            local = (local.global.utility2_rollup || require('utility2'))","                .requireExampleJsFromReadme();","            break;","        }","        // export local","        local.global.local = local;","    }());","","","","    // run shared js-env code - function","    (function () {","        return;","    }());","    switch (local.modeJs) {","","","","    // run browser js-env code - function","    case 'browser':","        break;","","","","    // run node js-env code - function","    case 'node':","        break;","    }","","","","    // run shared js-env code - post-init","    (function () {","        return;","    }());","    switch (local.modeJs) {","","","","    // run browser js-env code - post-init","    case 'browser':","        local.testCase_browser_nullCase = local.testCase_browser_nullCase || function (","            options,","            onError","        ) {","        /*","         * this function will test browsers's null-case handling-behavior-behavior","         */","            onError(null, options);","        };","","        // run tests","        local.nop(local.modeTest &&","            document.querySelector('#testRunButton1') &&","            document.querySelector('#testRunButton1').click());","        break;","","","","    // run node js-env code - post-init","    /* istanbul ignore next */","    case 'node':","        local.testCase_buildApidoc_default = local.testCase_buildApidoc_default || function (","            options,","            onError","        ) {","        /*","         * this function will test buildApidoc's default handling-behavior-behavior","         */","            options = { modulePathList: module.paths };","            local.buildApidoc(options, onError);","        };","","        local.testCase_buildApp_default = local.testCase_buildApp_default || function (","            options,","            onError","        ) {","        /*","         * this function will test buildApp's default handling-behavior-behavior","         */","            local.testCase_buildReadme_default(options, local.onErrorThrow);","            local.testCase_buildLib_default(options, local.onErrorThrow);","            local.testCase_buildTest_default(options, local.onErrorThrow);","            local.testCase_buildCustomOrg_default(options, local.onErrorThrow);","            options = [];","            local.buildApp(options, onError);","        };","","        local.testCase_buildCustomOrg_default = local.testCase_buildCustomOrg_default ||","            function (options, onError) {","            /*","             * this function will test buildCustomOrg's default handling-behavior","             */","                options = {};","                local.buildCustomOrg(options, onError);","            };","","        local.testCase_buildLib_default = local.testCase_buildLib_default || function (","            options,","            onError","        ) {","        /*","         * this function will test buildLib's default handling-behavior","         */","            options = {};","            local.buildLib(options, onError);","        };","","        local.testCase_buildReadme_default = local.testCase_buildReadme_default || function (","            options,","            onError","        ) {","        /*","         * this function will test buildReadme's default handling-behavior-behavior","         */","            options = {};","            local.buildReadme(options, onError);","        };","","        local.testCase_buildTest_default = local.testCase_buildTest_default || function (","            options,","            onError","        ) {","        /*","         * this function will test buildTest's default handling-behavior","         */","            options = {};","            local.buildTest(options, onError);","        };","","        local.testCase_webpage_default = local.testCase_webpage_default || function (","            options,","            onError","        ) {","        /*","         * this function will test webpage's default handling-behavior","         */","            options = { modeCoverageMerge: true, url: local.serverLocalHost + '?modeTest=1' };","            local.browserTest(options, onError);","        };","","        // run test-server","        local.testRunServer(local);","        break;","    }","}());",""],"l":{"12":2,"14":2,"19":2,"21":2,"23":2,"24":2,"25":2,"30":1,"37":2,"40":2,"43":1,"47":1,"50":1,"52":1,"55":2,"61":2,"62":2,"64":2,"70":1,"76":1,"82":2,"83":2,"85":2,"91":1,"98":1,"102":1,"105":1,"112":1,"119":1,"120":1,"123":1,"130":1,"131":1,"132":1,"133":1,"134":1,"135":1,"138":1,"143":2,"144":2,"147":1,"154":2,"155":2,"158":1,"165":2,"166":2,"169":1,"176":2,"177":2,"180":1,"187":1,"188":1,"192":1,"193":1}},"/home/travis/build/npmtest/node-npmtest-xmlhttprequest/lib.npmtest_xmlhttprequest.js":{"path":"/home/travis/build/npmtest/node-npmtest-xmlhttprequest/lib.npmtest_xmlhttprequest.js","s":{"1":2,"2":2,"3":2,"4":2,"5":2,"6":2,"7":2,"8":1,"9":2,"10":2,"11":2,"12":2,"13":1,"14":1,"15":1,"16":1},"b":{"1":[2,1,1,1],"2":[1,1,1,1],"3":[1,1],"4":[2,2],"5":[1,1]},"f":{"1":2,"2":2,"3":2},"fnMap":{"1":{"name":"(anonymous_1)","line":12,"loc":{"start":{"line":12,"column":1},"end":{"line":12,"column":13}}},"2":{"name":"(anonymous_2)","line":19,"loc":{"start":{"line":19,"column":5},"end":{"line":19,"column":17}}},"3":{"name":"(anonymous_3)","line":23,"loc":{"start":{"line":23,"column":24},"end":{"line":23,"column":36}}}},"statementMap":{"1":{"start":{"line":12,"column":0},"end":{"line":53,"column":5}},"2":{"start":{"line":14,"column":4},"end":{"line":14,"column":14}},"3":{"start":{"line":19,"column":4},"end":{"line":52,"column":9}},"4":{"start":{"line":21,"column":8},"end":{"line":21,"column":19}},"5":{"start":{"line":23,"column":8},"end":{"line":35,"column":13}},"6":{"start":{"line":24,"column":12},"end":{"line":34,"column":13}},"7":{"start":{"line":25,"column":16},"end":{"line":28,"column":30}},"8":{"start":{"line":30,"column":16},"end":{"line":33,"column":27}},"9":{"start":{"line":37,"column":8},"end":{"line":39,"column":21}},"10":{"start":{"line":41,"column":8},"end":{"line":41,"column":54}},"11":{"start":{"line":43,"column":8},"end":{"line":43,"column":59}},"12":{"start":{"line":45,"column":8},"end":{"line":51,"column":9}},"13":{"start":{"line":46,"column":12},"end":{"line":46,"column":65}},"14":{"start":{"line":48,"column":12},"end":{"line":48,"column":35}},"15":{"start":{"line":49,"column":12},"end":{"line":49,"column":49}},"16":{"start":{"line":50,"column":12},"end":{"line":50,"column":43}}},"branchMap":{"1":{"line":25,"type":"binary-expr","locations":[{"start":{"line":25,"column":23},"end":{"line":25,"column":62}},{"start":{"line":26,"column":20},"end":{"line":26,"column":70}},{"start":{"line":27,"column":20},"end":{"line":27,"column":71}},{"start":{"line":28,"column":20},"end":{"line":28,"column":29}}]},"2":{"line":30,"type":"binary-expr","locations":[{"start":{"line":30,"column":23},"end":{"line":30,"column":37}},{"start":{"line":31,"column":20},"end":{"line":31,"column":61}},{"start":{"line":32,"column":20},"end":{"line":32,"column":70}},{"start":{"line":33,"column":20},"end":{"line":33,"column":26}}]},"3":{"line":37,"type":"cond-expr","locations":[{"start":{"line":38,"column":14},"end":{"line":38,"column":20}},{"start":{"line":39,"column":14},"end":{"line":39,"column":20}}]},"4":{"line":41,"type":"binary-expr","locations":[{"start":{"line":41,"column":16},"end":{"line":41,"column":44}},{"start":{"line":41,"column":48},"end":{"line":41,"column":53}}]},"5":{"line":45,"type":"if","locations":[{"start":{"line":45,"column":8},"end":{"line":45,"column":8}},{"start":{"line":45,"column":8},"end":{"line":45,"column":8}}]}},"code":["/* istanbul instrument in package npmtest_xmlhttprequest */","/*jslint","    bitwise: true,","    browser: true,","    maxerr: 8,","    maxlen: 96,","    node: true,","    nomen: true,","    regexp: true,","    stupid: true","*/","(function () {","    'use strict';","    var local;","","","","    // run shared js-env code - pre-init","    (function () {","        // init local","        local = {};","        // init modeJs","        local.modeJs = (function () {","            try {","                return typeof navigator.userAgent === 'string' &&","                    typeof document.querySelector('body') === 'object' &&","                    typeof XMLHttpRequest.prototype.open === 'function' &&","                    'browser';","            } catch (errorCaughtBrowser) {","                return module.exports &&","                    typeof process.versions.node === 'string' &&","                    typeof require('http').createServer === 'function' &&","                    'node';","            }","        }());","        // init global","        local.global = local.modeJs === 'browser'","            ? window","            : global;","        // init utility2_rollup","        local = local.global.utility2_rollup || local;","        // init lib","        local.local = local.npmtest_xmlhttprequest = local;","        // init exports","        if (local.modeJs === 'browser') {","            local.global.utility2_npmtest_xmlhttprequest = local;","        } else {","            module.exports = local;","            module.exports.__dirname = __dirname;","            module.exports.module = module;","        }","    }());","}());",""],"l":{"12":2,"14":2,"19":2,"21":2,"23":2,"24":2,"25":2,"30":1,"37":2,"41":2,"43":2,"45":2,"46":1,"48":1,"49":1,"50":1}},"/home/travis/build/npmtest/node-npmtest-xmlhttprequest/example.js":{"path":"/home/travis/build/npmtest/node-npmtest-xmlhttprequest/example.js","s":{"1":2,"2":2,"3":2,"4":2,"5":2,"6":2,"7":2,"8":1,"9":2,"10":2,"11":2,"12":2,"13":1,"14":2,"15":2,"16":2,"17":2,"18":2,"19":0,"20":2,"21":1,"22":1,"23":1,"24":1,"25":1,"26":0,"27":0,"28":1,"29":1,"30":2,"31":0,"32":0,"33":0,"34":1,"35":2,"36":2,"37":3,"38":3,"39":3,"40":3,"41":0,"42":3,"43":3,"44":3,"45":1,"46":3,"47":1,"48":1,"49":1,"50":1,"51":1,"52":1,"53":1,"54":1,"55":1,"56":1,"57":0,"58":1,"59":6,"60":6,"61":1,"62":2,"63":0,"64":2,"65":1,"66":1,"67":0,"68":0,"69":0,"70":0,"71":0,"72":0,"73":0,"74":0,"75":0,"76":0,"77":0,"78":0,"79":0,"80":0,"81":0,"82":0,"83":0},"b":{"1":[2,1,1,1],"2":[1,1,1,1],"3":[1,1],"4":[2,2],"5":[1,1],"6":[1,1],"7":[2,0],"8":[2,1,1,1,1,1],"9":[0,2,0],"10":[1,1],"11":[2,1,1],"12":[1,0],"13":[0,2],"14":[2,0,0,0,0,0,0],"15":[0,3],"16":[3,0],"17":[1,1],"18":[0,1],"19":[1,2,0,2],"20":[1,0],"21":[1,1],"22":[0,0],"23":[0,0],"24":[0,0],"25":[0,0],"26":[0,0],"27":[0,0],"28":[0,0]},"f":{"1":2,"2":2,"3":2,"4":2,"5":2,"6":2,"7":3,"8":3,"9":3,"10":1,"11":6,"12":0},"fnMap":{"1":{"name":"(anonymous_1)","line":26,"loc":{"start":{"line":26,"column":1},"end":{"line":26,"column":13}}},"2":{"name":"(anonymous_2)","line":33,"loc":{"start":{"line":33,"column":5},"end":{"line":33,"column":17}}},"3":{"name":"(anonymous_3)","line":37,"loc":{"start":{"line":37,"column":24},"end":{"line":37,"column":36}}},"4":{"name":"(anonymous_4)","line":69,"loc":{"start":{"line":69,"column":31},"end":{"line":69,"column":48}},"skip":true},"5":{"name":"(anonymous_5)","line":78,"loc":{"start":{"line":78,"column":26},"end":{"line":78,"column":45}},"skip":true},"6":{"name":"(anonymous_6)","line":123,"loc":{"start":{"line":123,"column":33},"end":{"line":123,"column":48}},"skip":true},"7":{"name":"(anonymous_7)","line":125,"loc":{"start":{"line":125,"column":27},"end":{"line":125,"column":39}},"skip":true},"8":{"name":"(anonymous_8)","line":133,"loc":{"start":{"line":133,"column":59},"end":{"line":133,"column":74}},"skip":true},"9":{"name":"(anonymous_9)","line":143,"loc":{"start":{"line":143,"column":45},"end":{"line":143,"column":62}},"skip":true},"10":{"name":"(anonymous_10)","line":144,"loc":{"start":{"line":144,"column":73},"end":{"line":144,"column":92}},"skip":true},"11":{"name":"(anonymous_11)","line":272,"loc":{"start":{"line":272,"column":51},"end":{"line":272,"column":77}},"skip":true},"12":{"name":"(anonymous_12)","line":315,"loc":{"start":{"line":315,"column":32},"end":{"line":315,"column":61}},"skip":true}},"statementMap":{"1":{"start":{"line":26,"column":0},"end":{"line":326,"column":5}},"2":{"start":{"line":28,"column":4},"end":{"line":28,"column":14}},"3":{"start":{"line":33,"column":4},"end":{"line":60,"column":9}},"4":{"start":{"line":35,"column":8},"end":{"line":35,"column":19}},"5":{"start":{"line":37,"column":8},"end":{"line":49,"column":13}},"6":{"start":{"line":38,"column":12},"end":{"line":48,"column":13}},"7":{"start":{"line":39,"column":16},"end":{"line":42,"column":30}},"8":{"start":{"line":44,"column":16},"end":{"line":47,"column":27}},"9":{"start":{"line":51,"column":8},"end":{"line":53,"column":21}},"10":{"start":{"line":55,"column":8},"end":{"line":57,"column":45}},"11":{"start":{"line":59,"column":8},"end":{"line":59,"column":35}},"12":{"start":{"line":61,"column":4},"end":{"line":325,"column":5}},"13":{"start":{"line":69,"column":8},"end":{"line":121,"column":10},"skip":true},"14":{"start":{"line":70,"column":12},"end":{"line":88,"column":13},"skip":true},"15":{"start":{"line":76,"column":16},"end":{"line":87,"column":19},"skip":true},"16":{"start":{"line":79,"column":20},"end":{"line":86,"column":21},"skip":true},"17":{"start":{"line":82,"column":24},"end":{"line":82,"column":43},"skip":true},"18":{"start":{"line":83,"column":24},"end":{"line":83,"column":30},"skip":true},"19":{"start":{"line":85,"column":24},"end":{"line":85,"column":49},"skip":true},"20":{"start":{"line":89,"column":12},"end":{"line":107,"column":13},"skip":true},"21":{"start":{"line":92,"column":16},"end":{"line":102,"column":17},"skip":true},"22":{"start":{"line":93,"column":20},"end":{"line":93,"column":86},"skip":true},"23":{"start":{"line":94,"column":20},"end":{"line":95,"column":45},"skip":true},"24":{"start":{"line":96,"column":20},"end":{"line":96,"column":42},"skip":true},"25":{"start":{"line":97,"column":20},"end":{"line":97,"column":48},"skip":true},"26":{"start":{"line":100,"column":20},"end":{"line":100,"column":85},"skip":true},"27":{"start":{"line":101,"column":20},"end":{"line":101,"column":96},"skip":true},"28":{"start":{"line":103,"column":16},"end":{"line":103,"column":22},"skip":true},"29":{"start":{"line":106,"column":16},"end":{"line":106,"column":22},"skip":true},"30":{"start":{"line":108,"column":12},"end":{"line":120,"column":13},"skip":true},"31":{"start":{"line":114,"column":16},"end":{"line":119,"column":17},"skip":true},"32":{"start":{"line":116,"column":20},"end":{"line":116,"column":78},"skip":true},"33":{"start":{"line":118,"column":20},"end":{"line":118,"column":47},"skip":true},"34":{"start":{"line":123,"column":8},"end":{"line":141,"column":11},"skip":true},"35":{"start":{"line":124,"column":12},"end":{"line":124,"column":54},"skip":true},"36":{"start":{"line":125,"column":12},"end":{"line":140,"column":14},"skip":true},"37":{"start":{"line":126,"column":16},"end":{"line":126,"column":28},"skip":true},"38":{"start":{"line":127,"column":16},"end":{"line":127,"column":69},"skip":true},"39":{"start":{"line":128,"column":16},"end":{"line":128,"column":75},"skip":true},"40":{"start":{"line":129,"column":16},"end":{"line":131,"column":17},"skip":true},"41":{"start":{"line":130,"column":20},"end":{"line":130,"column":27},"skip":true},"42":{"start":{"line":133,"column":16},"end":{"line":137,"column":36},"skip":true},"43":{"start":{"line":134,"column":20},"end":{"line":136,"column":55},"skip":true},"44":{"start":{"line":139,"column":16},"end":{"line":139,"column":57},"skip":true},"45":{"start":{"line":143,"column":8},"end":{"line":147,"column":11},"skip":true},"46":{"start":{"line":144,"column":12},"end":{"line":146,"column":15},"skip":true},"47":{"start":{"line":145,"column":16},"end":{"line":145,"column":70},"skip":true},"48":{"start":{"line":149,"column":8},"end":{"line":149,"column":31},"skip":true},"49":{"start":{"line":150,"column":8},"end":{"line":150,"column":14},"skip":true},"50":{"start":{"line":158,"column":8},"end":{"line":158,"column":31},"skip":true},"51":{"start":{"line":160,"column":8},"end":{"line":160,"column":33},"skip":true},"52":{"start":{"line":161,"column":8},"end":{"line":161,"column":37},"skip":true},"53":{"start":{"line":162,"column":8},"end":{"line":162,"column":35},"skip":true},"54":{"start":{"line":164,"column":8},"end":{"line":164,"column":50},"skip":true},"55":{"start":{"line":166,"column":8},"end":{"line":256,"column":2},"skip":true},"56":{"start":{"line":258,"column":8},"end":{"line":286,"column":9},"skip":true},"57":{"start":{"line":259,"column":12},"end":{"line":269,"column":14},"skip":true},"58":{"start":{"line":271,"column":12},"end":{"line":285,"column":19},"skip":true},"59":{"start":{"line":274,"column":20},"end":{"line":274,"column":35},"skip":true},"60":{"start":{"line":275,"column":20},"end":{"line":284,"column":21},"skip":true},"61":{"start":{"line":277,"column":24},"end":{"line":277,"column":64},"skip":true},"62":{"start":{"line":279,"column":24},"end":{"line":279,"column":40},"skip":true},"63":{"start":{"line":281,"column":24},"end":{"line":281,"column":40},"skip":true},"64":{"start":{"line":283,"column":24},"end":{"line":283,"column":39},"skip":true},"65":{"start":{"line":288,"column":8},"end":{"line":290,"column":9},"skip":true},"66":{"start":{"line":289,"column":12},"end":{"line":289,"column":18},"skip":true},"67":{"start":{"line":291,"column":8},"end":{"line":293,"column":54},"skip":true},"68":{"start":{"line":296,"column":8},"end":{"line":301,"column":37},"skip":true},"69":{"start":{"line":303,"column":8},"end":{"line":303,"column":82},"skip":true},"70":{"start":{"line":306,"column":8},"end":{"line":308,"column":9},"skip":true},"71":{"start":{"line":307,"column":12},"end":{"line":307,"column":82},"skip":true},"72":{"start":{"line":310,"column":8},"end":{"line":312,"column":9},"skip":true},"73":{"start":{"line":311,"column":12},"end":{"line":311,"column":18},"skip":true},"74":{"start":{"line":313,"column":8},"end":{"line":313,"column":54},"skip":true},"75":{"start":{"line":314,"column":8},"end":{"line":314,"column":69},"skip":true},"76":{"start":{"line":315,"column":8},"end":{"line":323,"column":36},"skip":true},"77":{"start":{"line":316,"column":12},"end":{"line":316,"column":61},"skip":true},"78":{"start":{"line":317,"column":12},"end":{"line":320,"column":13},"skip":true},"79":{"start":{"line":318,"column":16},"end":{"line":318,"column":75},"skip":true},"80":{"start":{"line":319,"column":16},"end":{"line":319,"column":23},"skip":true},"81":{"start":{"line":321,"column":12},"end":{"line":321,"column":38},"skip":true},"82":{"start":{"line":322,"column":12},"end":{"line":322,"column":27},"skip":true},"83":{"start":{"line":324,"column":8},"end":{"line":324,"column":14},"skip":true}},"branchMap":{"1":{"line":39,"type":"binary-expr","locations":[{"start":{"line":39,"column":23},"end":{"line":39,"column":62}},{"start":{"line":40,"column":20},"end":{"line":40,"column":70}},{"start":{"line":41,"column":20},"end":{"line":41,"column":71}},{"start":{"line":42,"column":20},"end":{"line":42,"column":29}}]},"2":{"line":44,"type":"binary-expr","locations":[{"start":{"line":44,"column":23},"end":{"line":44,"column":37}},{"start":{"line":45,"column":20},"end":{"line":45,"column":61}},{"start":{"line":46,"column":20},"end":{"line":46,"column":70}},{"start":{"line":47,"column":20},"end":{"line":47,"column":26}}]},"3":{"line":51,"type":"cond-expr","locations":[{"start":{"line":52,"column":14},"end":{"line":52,"column":20}},{"start":{"line":53,"column":14},"end":{"line":53,"column":20}}]},"4":{"line":55,"type":"binary-expr","locations":[{"start":{"line":55,"column":16},"end":{"line":55,"column":44}},{"start":{"line":55,"column":49},"end":{"line":57,"column":43}}]},"5":{"line":55,"type":"cond-expr","locations":[{"start":{"line":56,"column":14},"end":{"line":56,"column":58}},{"start":{"line":57,"column":14},"end":{"line":57,"column":43}}]},"6":{"line":61,"type":"switch","locations":[{"start":{"line":68,"column":4},"end":{"line":150,"column":14},"skip":true},{"start":{"line":156,"column":4},"end":{"line":324,"column":14},"skip":true}]},"7":{"line":70,"type":"if","locations":[{"start":{"line":70,"column":12},"end":{"line":70,"column":12},"skip":true},{"start":{"line":70,"column":12},"end":{"line":70,"column":12},"skip":true}]},"8":{"line":70,"type":"binary-expr","locations":[{"start":{"line":70,"column":16},"end":{"line":70,"column":22},"skip":true},{"start":{"line":70,"column":27},"end":{"line":70,"column":32},"skip":true},{"start":{"line":71,"column":20},"end":{"line":71,"column":39},"skip":true},{"start":{"line":72,"column":20},"end":{"line":72,"column":49},"skip":true},{"start":{"line":73,"column":20},"end":{"line":73,"column":58},"skip":true},{"start":{"line":74,"column":20},"end":{"line":74,"column":69},"skip":true}]},"9":{"line":79,"type":"switch","locations":[{"start":{"line":80,"column":20},"end":{"line":80,"column":33},"skip":true},{"start":{"line":81,"column":20},"end":{"line":83,"column":30},"skip":true},{"start":{"line":84,"column":20},"end":{"line":85,"column":49},"skip":true}]},"10":{"line":89,"type":"switch","locations":[{"start":{"line":90,"column":12},"end":{"line":103,"column":22},"skip":true},{"start":{"line":105,"column":12},"end":{"line":106,"column":22},"skip":true}]},"11":{"line":89,"type":"binary-expr","locations":[{"start":{"line":89,"column":20},"end":{"line":89,"column":25},"skip":true},{"start":{"line":89,"column":29},"end":{"line":89,"column":48},"skip":true},{"start":{"line":89,"column":52},"end":{"line":89,"column":74},"skip":true}]},"12":{"line":92,"type":"if","locations":[{"start":{"line":92,"column":16},"end":{"line":92,"column":16},"skip":true},{"start":{"line":92,"column":16},"end":{"line":92,"column":16},"skip":true}]},"13":{"line":108,"type":"if","locations":[{"start":{"line":108,"column":12},"end":{"line":108,"column":12},"skip":true},{"start":{"line":108,"column":12},"end":{"line":108,"column":12},"skip":true}]},"14":{"line":108,"type":"binary-expr","locations":[{"start":{"line":108,"column":16},"end":{"line":108,"column":61},"skip":true},{"start":{"line":108,"column":66},"end":{"line":108,"column":72},"skip":true},{"start":{"line":108,"column":77},"end":{"line":108,"column":82},"skip":true},{"start":{"line":109,"column":20},"end":{"line":109,"column":39},"skip":true},{"start":{"line":110,"column":20},"end":{"line":110,"column":49},"skip":true},{"start":{"line":111,"column":20},"end":{"line":111,"column":58},"skip":true},{"start":{"line":112,"column":20},"end":{"line":112,"column":68},"skip":true}]},"15":{"line":129,"type":"if","locations":[{"start":{"line":129,"column":16},"end":{"line":129,"column":16},"skip":true},{"start":{"line":129,"column":16},"end":{"line":129,"column":16},"skip":true}]},"16":{"line":134,"type":"cond-expr","locations":[{"start":{"line":135,"column":26},"end":{"line":135,"column":29},"skip":true},{"start":{"line":136,"column":26},"end":{"line":136,"column":54},"skip":true}]},"17":{"line":164,"type":"binary-expr","locations":[{"start":{"line":164,"column":27},"end":{"line":164,"column":43},"skip":true},{"start":{"line":164,"column":47},"end":{"line":164,"column":49},"skip":true}]},"18":{"line":258,"type":"if","locations":[{"start":{"line":258,"column":8},"end":{"line":258,"column":8},"skip":true},{"start":{"line":258,"column":8},"end":{"line":258,"column":8},"skip":true}]},"19":{"line":275,"type":"switch","locations":[{"start":{"line":276,"column":20},"end":{"line":277,"column":64},"skip":true},{"start":{"line":278,"column":20},"end":{"line":279,"column":40},"skip":true},{"start":{"line":280,"column":20},"end":{"line":281,"column":40},"skip":true},{"start":{"line":282,"column":20},"end":{"line":283,"column":39},"skip":true}]},"20":{"line":288,"type":"if","locations":[{"start":{"line":288,"column":8},"end":{"line":288,"column":8},"skip":true},{"start":{"line":288,"column":8},"end":{"line":288,"column":8},"skip":true}]},"21":{"line":288,"type":"binary-expr","locations":[{"start":{"line":288,"column":12},"end":{"line":288,"column":40},"skip":true},{"start":{"line":288,"column":44},"end":{"line":288,"column":67},"skip":true}]},"22":{"line":292,"type":"binary-expr","locations":[{"start":{"line":292,"column":12},"end":{"line":292,"column":50},"skip":true},{"start":{"line":293,"column":12},"end":{"line":293,"column":53},"skip":true}]},"23":{"line":297,"type":"binary-expr","locations":[{"start":{"line":297,"column":12},"end":{"line":297,"column":72},"skip":true},{"start":{"line":298,"column":12},"end":{"line":301,"column":36},"skip":true}]},"24":{"line":303,"type":"binary-expr","locations":[{"start":{"line":303,"column":43},"end":{"line":303,"column":75},"skip":true},{"start":{"line":303,"column":79},"end":{"line":303,"column":81},"skip":true}]},"25":{"line":306,"type":"if","locations":[{"start":{"line":306,"column":8},"end":{"line":306,"column":8},"skip":true},{"start":{"line":306,"column":8},"end":{"line":306,"column":8},"skip":true}]},"26":{"line":310,"type":"if","locations":[{"start":{"line":310,"column":8},"end":{"line":310,"column":8},"skip":true},{"start":{"line":310,"column":8},"end":{"line":310,"column":8},"skip":true}]},"27":{"line":313,"type":"binary-expr","locations":[{"start":{"line":313,"column":27},"end":{"line":313,"column":43},"skip":true},{"start":{"line":313,"column":47},"end":{"line":313,"column":53},"skip":true}]},"28":{"line":317,"type":"if","locations":[{"start":{"line":317,"column":12},"end":{"line":317,"column":12},"skip":true},{"start":{"line":317,"column":12},"end":{"line":317,"column":12},"skip":true}]}},"code":["/*","example.js","","quickstart example","","instruction","    1. save this script as example.js","    2. run the shell command:","        $ npm install npmtest-xmlhttprequest && PORT=8081 node example.js","    3. play with the browser-demo on http://127.0.0.1:8081","*/","","","","/* istanbul instrument in package npmtest_xmlhttprequest */","/*jslint","    bitwise: true,","    browser: true,","    maxerr: 8,","    maxlen: 96,","    node: true,","    nomen: true,","    regexp: true,","    stupid: true","*/","(function () {","    'use strict';","    var local;","","","","    // run shared js-env code - pre-init","    (function () {","        // init local","        local = {};","        // init modeJs","        local.modeJs = (function () {","            try {","                return typeof navigator.userAgent === 'string' &&","                    typeof document.querySelector('body') === 'object' &&","                    typeof XMLHttpRequest.prototype.open === 'function' &&","                    'browser';","            } catch (errorCaughtBrowser) {","                return module.exports &&","                    typeof process.versions.node === 'string' &&","                    typeof require('http').createServer === 'function' &&","                    'node';","            }","        }());","        // init global","        local.global = local.modeJs === 'browser'","            ? window","            : global;","        // init utility2_rollup","        local = local.global.utility2_rollup || (local.modeJs === 'browser'","            ? local.global.utility2_npmtest_xmlhttprequest","            : global.utility2_moduleExports);","        // export local","        local.global.local = local;","    }());","    switch (local.modeJs) {","","","","    // post-init","    // run browser js-env code - post-init","    /* istanbul ignore next */","    case 'browser':","        local.testRunBrowser = function (event) {","            if (!event || (event &&","                    event.currentTarget &&","                    event.currentTarget.className &&","                    event.currentTarget.className.includes &&","                    event.currentTarget.className.includes('onreset'))) {","                // reset output","                Array.from(","                    document.querySelectorAll('body > .resettable')","                ).forEach(function (element) {","                    switch (element.tagName) {","                    case 'INPUT':","                    case 'TEXTAREA':","                        element.value = '';","                        break;","                    default:","                        element.textContent = '';","                    }","                });","            }","            switch (event && event.currentTarget && event.currentTarget.id) {","            case 'testRunButton1':","                // show tests","                if (document.querySelector('#testReportDiv1').style.display === 'none') {","                    document.querySelector('#testReportDiv1').style.display = 'block';","                    document.querySelector('#testRunButton1').textContent =","                        'hide internal test';","                    local.modeTest = true;","                    local.testRunDefault(local);","                // hide tests","                } else {","                    document.querySelector('#testReportDiv1').style.display = 'none';","                    document.querySelector('#testRunButton1').textContent = 'run internal test';","                }","                break;","            // custom-case","            default:","                break;","            }","            if (document.querySelector('#inputTextareaEval1') && (!event || (event &&","                    event.currentTarget &&","                    event.currentTarget.className &&","                    event.currentTarget.className.includes &&","                    event.currentTarget.className.includes('oneval')))) {","                // try to eval input-code","                try {","                    /*jslint evil: true*/","                    eval(document.querySelector('#inputTextareaEval1').value);","                } catch (errorCaught) {","                    console.error(errorCaught);","                }","            }","        };","        // log stderr and stdout to #outputTextareaStdout1","        ['error', 'log'].forEach(function (key) {","            console[key + '_original'] = console[key];","            console[key] = function () {","                var element;","                console[key + '_original'].apply(console, arguments);","                element = document.querySelector('#outputTextareaStdout1');","                if (!element) {","                    return;","                }","                // append text to #outputTextareaStdout1","                element.value += Array.from(arguments).map(function (arg) {","                    return typeof arg === 'string'","                        ? arg","                        : JSON.stringify(arg, null, 4);","                }).join(' ') + '\\n';","                // scroll textarea to bottom","                element.scrollTop = element.scrollHeight;","            };","        });","        // init event-handling","        ['change', 'click', 'keyup'].forEach(function (event) {","            Array.from(document.querySelectorAll('.on' + event)).forEach(function (element) {","                element.addEventListener(event, local.testRunBrowser);","            });","        });","        // run tests","        local.testRunBrowser();","        break;","","","","    // run node js-env code - post-init","    /* istanbul ignore next */","    case 'node':","        // export local","        module.exports = local;","        // require modules","        local.fs = require('fs');","        local.http = require('http');","        local.url = require('url');","        // init assets","        local.assetsDict = local.assetsDict || {};","        /* jslint-ignore-begin */","        local.assetsDict['/assets.index.template.html'] = '\\","<!doctype html>\\n\\","<html lang=\"en\">\\n\\","<head>\\n\\","<meta charset=\"UTF-8\">\\n\\","<meta name=\"viewport\" content=\"width=device-width, initial-scale=1\">\\n\\","<title>{{env.npm_package_name}} (v{{env.npm_package_version}})</title>\\n\\","<style>\\n\\","/*csslint\\n\\","    box-sizing: false,\\n\\","    universal-selector: false\\n\\","*/\\n\\","* {\\n\\","    box-sizing: border-box;\\n\\","}\\n\\","body {\\n\\","    background: #dde;\\n\\","    font-family: Arial, Helvetica, sans-serif;\\n\\","    margin: 2rem;\\n\\","}\\n\\","body > * {\\n\\","    margin-bottom: 1rem;\\n\\","}\\n\\",".utility2FooterDiv {\\n\\","    margin-top: 20px;\\n\\","    text-align: center;\\n\\","}\\n\\","</style>\\n\\","<style>\\n\\","/*csslint\\n\\","*/\\n\\","textarea {\\n\\","    font-family: monospace;\\n\\","    height: 10rem;\\n\\","    width: 100%;\\n\\","}\\n\\","textarea[readonly] {\\n\\","    background: #ddd;\\n\\","}\\n\\","</style>\\n\\","</head>\\n\\","<body>\\n\\","<!-- utility2-comment\\n\\","<div id=\"ajaxProgressDiv1\" style=\"background: #d00; height: 2px; left: 0; margin: 0; padding: 0; position: fixed; top: 0; transition: background 0.5s, width 1.5s; width: 25%;\"></div>\\n\\","utility2-comment -->\\n\\","<h1>\\n\\","<!-- utility2-comment\\n\\","    <a\\n\\","        {{#if env.npm_package_homepage}}\\n\\","        href=\"{{env.npm_package_homepage}}\"\\n\\","        {{/if env.npm_package_homepage}}\\n\\","        target=\"_blank\"\\n\\","    >\\n\\","utility2-comment -->\\n\\","        {{env.npm_package_name}} (v{{env.npm_package_version}})\\n\\","<!-- utility2-comment\\n\\","    </a>\\n\\","utility2-comment -->\\n\\","</h1>\\n\\","<h3>{{env.npm_package_description}}</h3>\\n\\","<!-- utility2-comment\\n\\","<h4><a download href=\"assets.app.js\">download standalone app</a></h4>\\n\\","<button class=\"onclick onreset\" id=\"testRunButton1\">run internal test</button><br>\\n\\","<div id=\"testReportDiv1\" style=\"display: none;\"></div>\\n\\","utility2-comment -->\\n\\","\\n\\","\\n\\","\\n\\","<label>stderr and stdout</label>\\n\\","<textarea class=\"resettable\" id=\"outputTextareaStdout1\" readonly></textarea>\\n\\","<!-- utility2-comment\\n\\","{{#if isRollup}}\\n\\","<script src=\"assets.app.js\"></script>\\n\\","{{#unless isRollup}}\\n\\","utility2-comment -->\\n\\","<script src=\"assets.utility2.rollup.js\"></script>\\n\\","<script src=\"jsonp.utility2._stateInit?callback=window.utility2._stateInit\"></script>\\n\\","<script src=\"assets.npmtest_xmlhttprequest.rollup.js\"></script>\\n\\","<script src=\"assets.example.js\"></script>\\n\\","<script src=\"assets.test.js\"></script>\\n\\","<!-- utility2-comment\\n\\","{{/if isRollup}}\\n\\","utility2-comment -->\\n\\","<div class=\"utility2FooterDiv\">\\n\\","    [ this app was created with\\n\\","    <a href=\"https://github.com/kaizhu256/node-utility2\" target=\"_blank\">utility2</a>\\n\\","    ]\\n\\","</div>\\n\\","</body>\\n\\","</html>\\n\\","';","        /* jslint-ignore-end */","        if (local.templateRender) {","            local.assetsDict['/'] = local.templateRender(","                local.assetsDict['/assets.index.template.html'],","                {","                    env: local.objectSetDefault(local.env, {","                        npm_package_description: 'the greatest app in the world!',","                        npm_package_name: 'my-app',","                        npm_package_nameAlias: 'my_app',","                        npm_package_version: '0.0.1'","                    })","                }","            );","        } else {","            local.assetsDict['/'] = local.assetsDict['/assets.index.template.html']","                .replace((/\\{\\{env\\.(\\w+?)\\}\\}/g), function (match0, match1) {","                    // jslint-hack","                    String(match0);","                    switch (match1) {","                    case 'npm_package_description':","                        return 'the greatest app in the world!';","                    case 'npm_package_name':","                        return 'my-app';","                    case 'npm_package_nameAlias':","                        return 'my_app';","                    case 'npm_package_version':","                        return '0.0.1';","                    }","                });","        }","        // run the cli","        if (local.global.utility2_rollup || module !== require.main) {","            break;","        }","        local.assetsDict['/assets.example.js'] =","            local.assetsDict['/assets.example.js'] ||","            local.fs.readFileSync(__filename, 'utf8');","        // bug-workaround - long $npm_package_buildCustomOrg","        /* jslint-ignore-begin */","        local.assetsDict['/assets.npmtest_xmlhttprequest.rollup.js'] =","            local.assetsDict['/assets.npmtest_xmlhttprequest.rollup.js'] ||","            local.fs.readFileSync(","                local.npmtest_xmlhttprequest.__dirname + '/lib.npmtest_xmlhttprequest.js',","                'utf8'","            ).replace((/^#!/), '//');","        /* jslint-ignore-end */","        local.assetsDict['/favicon.ico'] = local.assetsDict['/favicon.ico'] || '';","        // if $npm_config_timeout_exit exists,","        // then exit this process after $npm_config_timeout_exit ms","        if (Number(process.env.npm_config_timeout_exit)) {","            setTimeout(process.exit, Number(process.env.npm_config_timeout_exit));","        }","        // start server","        if (local.global.utility2_serverHttp1) {","            break;","        }","        process.env.PORT = process.env.PORT || '8081';","        console.error('server starting on port ' + process.env.PORT);","        local.http.createServer(function (request, response) {","            request.urlParsed = local.url.parse(request.url);","            if (local.assetsDict[request.urlParsed.pathname] !== undefined) {","                response.end(local.assetsDict[request.urlParsed.pathname]);","                return;","            }","            response.statusCode = 404;","            response.end();","        }).listen(process.env.PORT);","        break;","    }","}());",""],"l":{"26":2,"28":2,"33":2,"35":2,"37":2,"38":2,"39":2,"44":1,"51":2,"55":2,"59":2,"61":2,"69":1,"70":2,"76":2,"79":2,"82":2,"83":2,"85":1,"89":2,"92":1,"93":1,"94":1,"96":1,"97":1,"100":1,"101":1,"103":1,"106":1,"108":2,"114":1,"116":1,"118":1,"123":1,"124":2,"125":2,"126":3,"127":3,"128":3,"129":3,"130":1,"133":3,"134":3,"139":3,"143":1,"144":3,"145":1,"149":1,"150":1,"158":1,"160":1,"161":1,"162":1,"164":1,"166":1,"258":1,"259":1,"271":1,"274":6,"275":6,"277":1,"279":2,"281":1,"283":2,"288":1,"289":1,"291":1,"296":1,"303":1,"306":1,"307":1,"310":1,"311":1,"313":1,"314":1,"315":1,"316":1,"317":1,"318":1,"319":1,"321":1,"322":1,"324":1}},"/home/travis/build/npmtest/node-npmtest-xmlhttprequest/node_modules/xmlhttprequest/lib/XMLHttpRequest.js":{"path":"/home/travis/build/npmtest/node-npmtest-xmlhttprequest/node_modules/xmlhttprequest/lib/XMLHttpRequest.js","s":{"1":1,"2":1,"3":1,"4":1,"5":0,"6":0,"7":0,"8":0,"9":0,"10":0,"11":0,"12":0,"13":0,"14":0,"15":0,"16":0,"17":0,"18":0,"19":0,"20":0,"21":0,"22":0,"23":0,"24":0,"25":0,"26":0,"27":0,"28":0,"29":0,"30":0,"31":0,"32":0,"33":0,"34":0,"35":0,"36":0,"37":0,"38":0,"39":0,"40":0,"41":0,"42":0,"43":0,"44":0,"45":0,"46":0,"47":0,"48":0,"49":0,"50":0,"51":0,"52":0,"53":0,"54":0,"55":0,"56":0,"57":0,"58":0,"59":0,"60":0,"61":0,"62":0,"63":0,"64":0,"65":0,"66":0,"67":0,"68":0,"69":0,"70":0,"71":0,"72":0,"73":0,"74":0,"75":0,"76":0,"77":0,"78":0,"79":0,"80":0,"81":0,"82":0,"83":0,"84":0,"85":0,"86":0,"87":0,"88":0,"89":0,"90":0,"91":0,"92":0,"93":0,"94":0,"95":0,"96":0,"97":0,"98":0,"99":0,"100":0,"101":0,"102":0,"103":0,"104":0,"105":0,"106":0,"107":0,"108":0,"109":0,"110":0,"111":0,"112":0,"113":0,"114":0,"115":0,"116":0,"117":0,"118":0,"119":0,"120":0,"121":0,"122":0,"123":0,"124":0,"125":0,"126":0,"127":0,"128":0,"129":0,"130":0,"131":0,"132":0,"133":0,"134":0,"135":0,"136":0,"137":0,"138":0,"139":0,"140":0,"141":0,"142":0,"143":0,"144":0,"145":0,"146":0,"147":0,"148":0,"149":0,"150":0,"151":0,"152":0,"153":0,"154":0,"155":0,"156":0,"157":0,"158":0,"159":0,"160":0,"161":0,"162":0,"163":0,"164":0,"165":0,"166":0,"167":0,"168":0,"169":0,"170":0,"171":0,"172":0,"173":0,"174":0,"175":0,"176":0,"177":0,"178":0,"179":0,"180":0,"181":0,"182":0,"183":0,"184":0,"185":0,"186":0,"187":0,"188":0,"189":0,"190":0,"191":0,"192":0,"193":0,"194":0,"195":0,"196":0,"197":0,"198":0,"199":0,"200":0,"201":0,"202":0,"203":0,"204":0,"205":0,"206":0,"207":0,"208":0,"209":0,"210":0,"211":0,"212":0,"213":0,"214":0,"215":0,"216":0,"217":0,"218":0,"219":0,"220":0},"b":{"1":[0,0,0],"2":[0,0],"3":[0,0],"4":[0,0],"5":[0,0],"6":[0,0],"7":[0,0],"8":[0,0],"9":[0,0],"10":[0,0],"11":[0,0],"12":[0,0],"13":[0,0,0,0,0,0],"14":[0,0],"15":[0,0],"16":[0,0],"17":[0,0],"18":[0,0],"19":[0,0],"20":[0,0],"21":[0,0],"22":[0,0,0,0,0,0,0],"23":[0,0],"24":[0,0],"25":[0,0],"26":[0,0],"27":[0,0],"28":[0,0],"29":[0,0],"30":[0,0],"31":[0,0],"32":[0,0,0],"33":[0,0],"34":[0,0],"35":[0,0],"36":[0,0],"37":[0,0],"38":[0,0],"39":[0,0],"40":[0,0],"41":[0,0],"42":[0,0],"43":[0,0],"44":[0,0,0,0],"45":[0,0],"46":[0,0],"47":[0,0],"48":[0,0],"49":[0,0],"50":[0,0],"51":[0,0],"52":[0,0],"53":[0,0],"54":[0,0],"55":[0,0,0,0],"56":[0,0],"57":[0,0],"58":[0,0],"59":[0,0],"60":[0,0],"61":[0,0],"62":[0,0],"63":[0,0,0],"64":[0,0],"65":[0,0]},"f":{"1":0,"2":0,"3":0,"4":0,"5":0,"6":0,"7":0,"8":0,"9":0,"10":0,"11":0,"12":0,"13":0,"14":0,"15":0,"16":0,"17":0,"18":0,"19":0,"20":0,"21":0,"22":0,"23":0},"fnMap":{"1":{"name":"(anonymous_1)","line":18,"loc":{"start":{"line":18,"column":25},"end":{"line":18,"column":36}}},"2":{"name":"(anonymous_2)","line":129,"loc":{"start":{"line":129,"column":28},"end":{"line":129,"column":45}}},"3":{"name":"(anonymous_3)","line":139,"loc":{"start":{"line":139,"column":28},"end":{"line":139,"column":45}}},"4":{"name":"(anonymous_4)","line":156,"loc":{"start":{"line":156,"column":14},"end":{"line":156,"column":59}}},"5":{"name":"(anonymous_5)","line":182,"loc":{"start":{"line":182,"column":31},"end":{"line":182,"column":47}}},"6":{"name":"(anonymous_6)","line":192,"loc":{"start":{"line":192,"column":26},"end":{"line":192,"column":50}}},"7":{"name":"(anonymous_7)","line":214,"loc":{"start":{"line":214,"column":27},"end":{"line":214,"column":44}}},"8":{"name":"(anonymous_8)","line":233,"loc":{"start":{"line":233,"column":31},"end":{"line":233,"column":42}}},"9":{"name":"(anonymous_9)","line":254,"loc":{"start":{"line":254,"column":26},"end":{"line":254,"column":41}}},"10":{"name":"(anonymous_10)","line":267,"loc":{"start":{"line":267,"column":14},"end":{"line":267,"column":29}}},"11":{"name":"(anonymous_11)","line":309,"loc":{"start":{"line":309,"column":42},"end":{"line":309,"column":64}}},"12":{"name":"responseHandler","line":399,"loc":{"start":{"line":399,"column":28},"end":{"line":399,"column":59}}},"13":{"name":"(anonymous_13)","line":433,"loc":{"start":{"line":433,"column":28},"end":{"line":433,"column":44}}},"14":{"name":"(anonymous_14)","line":444,"loc":{"start":{"line":444,"column":27},"end":{"line":444,"column":38}}},"15":{"name":"(anonymous_15)","line":452,"loc":{"start":{"line":452,"column":29},"end":{"line":452,"column":45}}},"16":{"name":"errorHandler","line":458,"loc":{"start":{"line":458,"column":25},"end":{"line":458,"column":54}}},"17":{"name":"(anonymous_17)","line":527,"loc":{"start":{"line":527,"column":21},"end":{"line":527,"column":37}}},"18":{"name":"(anonymous_18)","line":539,"loc":{"start":{"line":539,"column":15},"end":{"line":539,"column":26}}},"19":{"name":"(anonymous_19)","line":565,"loc":{"start":{"line":565,"column":26},"end":{"line":565,"column":52}}},"20":{"name":"(anonymous_20)","line":577,"loc":{"start":{"line":577,"column":29},"end":{"line":577,"column":55}}},"21":{"name":"(anonymous_21)","line":580,"loc":{"start":{"line":580,"column":49},"end":{"line":580,"column":62}}},"22":{"name":"(anonymous_22)","line":589,"loc":{"start":{"line":589,"column":23},"end":{"line":589,"column":39}}},"23":{"name":"(anonymous_23)","line":605,"loc":{"start":{"line":605,"column":17},"end":{"line":605,"column":33}}}},"statementMap":{"1":{"start":{"line":14,"column":0},"end":{"line":14,"column":25}},"2":{"start":{"line":15,"column":0},"end":{"line":15,"column":43}},"3":{"start":{"line":16,"column":0},"end":{"line":16,"column":23}},"4":{"start":{"line":18,"column":0},"end":{"line":620,"column":2}},"5":{"start":{"line":24,"column":2},"end":{"line":24,"column":18}},"6":{"start":{"line":25,"column":2},"end":{"line":25,"column":29}},"7":{"start":{"line":26,"column":2},"end":{"line":26,"column":31}},"8":{"start":{"line":29,"column":2},"end":{"line":29,"column":14}},"9":{"start":{"line":30,"column":2},"end":{"line":30,"column":15}},"10":{"start":{"line":33,"column":2},"end":{"line":33,"column":20}},"11":{"start":{"line":37,"column":2},"end":{"line":37,"column":33}},"12":{"start":{"line":40,"column":2},"end":{"line":43,"column":4}},"13":{"start":{"line":45,"column":2},"end":{"line":45,"column":19}},"14":{"start":{"line":46,"column":2},"end":{"line":46,"column":23}},"15":{"start":{"line":51,"column":2},"end":{"line":72,"column":4}},"16":{"start":{"line":75,"column":2},"end":{"line":79,"column":4}},"17":{"start":{"line":82,"column":2},"end":{"line":82,"column":23}},"18":{"start":{"line":84,"column":2},"end":{"line":84,"column":24}},"19":{"start":{"line":87,"column":2},"end":{"line":87,"column":21}},"20":{"start":{"line":93,"column":2},"end":{"line":93,"column":18}},"21":{"start":{"line":94,"column":2},"end":{"line":94,"column":18}},"22":{"start":{"line":95,"column":2},"end":{"line":95,"column":28}},"23":{"start":{"line":96,"column":2},"end":{"line":96,"column":19}},"24":{"start":{"line":97,"column":2},"end":{"line":97,"column":16}},"25":{"start":{"line":104,"column":2},"end":{"line":104,"column":32}},"26":{"start":{"line":107,"column":2},"end":{"line":107,"column":33}},"27":{"start":{"line":110,"column":2},"end":{"line":110,"column":25}},"28":{"start":{"line":111,"column":2},"end":{"line":111,"column":24}},"29":{"start":{"line":112,"column":2},"end":{"line":112,"column":21}},"30":{"start":{"line":113,"column":2},"end":{"line":113,"column":25}},"31":{"start":{"line":117,"column":2},"end":{"line":117,"column":31}},"32":{"start":{"line":129,"column":2},"end":{"line":131,"column":4}},"33":{"start":{"line":130,"column":4},"end":{"line":130,"column":106}},"34":{"start":{"line":139,"column":2},"end":{"line":141,"column":4}},"35":{"start":{"line":140,"column":4},"end":{"line":140,"column":70}},"36":{"start":{"line":156,"column":2},"end":{"line":174,"column":4}},"37":{"start":{"line":157,"column":4},"end":{"line":157,"column":17}},"38":{"start":{"line":158,"column":4},"end":{"line":158,"column":22}},"39":{"start":{"line":161,"column":4},"end":{"line":163,"column":5}},"40":{"start":{"line":162,"column":6},"end":{"line":162,"column":67}},"41":{"start":{"line":165,"column":4},"end":{"line":171,"column":6}},"42":{"start":{"line":173,"column":4},"end":{"line":173,"column":26}},"43":{"start":{"line":182,"column":2},"end":{"line":184,"column":4}},"44":{"start":{"line":183,"column":4},"end":{"line":183,"column":31}},"45":{"start":{"line":192,"column":2},"end":{"line":206,"column":4}},"46":{"start":{"line":193,"column":4},"end":{"line":195,"column":5}},"47":{"start":{"line":194,"column":6},"end":{"line":194,"column":99}},"48":{"start":{"line":196,"column":4},"end":{"line":199,"column":5}},"49":{"start":{"line":197,"column":6},"end":{"line":197,"column":70}},"50":{"start":{"line":198,"column":6},"end":{"line":198,"column":13}},"51":{"start":{"line":200,"column":4},"end":{"line":202,"column":5}},"52":{"start":{"line":201,"column":6},"end":{"line":201,"column":62}},"53":{"start":{"line":203,"column":4},"end":{"line":203,"column":57}},"54":{"start":{"line":204,"column":4},"end":{"line":204,"column":47}},"55":{"start":{"line":205,"column":4},"end":{"line":205,"column":79}},"56":{"start":{"line":214,"column":2},"end":{"line":226,"column":4}},"57":{"start":{"line":215,"column":4},"end":{"line":223,"column":5}},"58":{"start":{"line":222,"column":6},"end":{"line":222,"column":52}},"59":{"start":{"line":225,"column":4},"end":{"line":225,"column":16}},"60":{"start":{"line":233,"column":2},"end":{"line":246,"column":4}},"61":{"start":{"line":234,"column":4},"end":{"line":236,"column":5}},"62":{"start":{"line":235,"column":6},"end":{"line":235,"column":16}},"63":{"start":{"line":237,"column":4},"end":{"line":237,"column":20}},"64":{"start":{"line":239,"column":4},"end":{"line":244,"column":5}},"65":{"start":{"line":241,"column":6},"end":{"line":243,"column":7}},"66":{"start":{"line":242,"column":8},"end":{"line":242,"column":58}},"67":{"start":{"line":245,"column":4},"end":{"line":245,"column":47}},"68":{"start":{"line":254,"column":2},"end":{"line":260,"column":4}},"69":{"start":{"line":255,"column":4},"end":{"line":257,"column":5}},"70":{"start":{"line":256,"column":6},"end":{"line":256,"column":54}},"71":{"start":{"line":259,"column":4},"end":{"line":259,"column":14}},"72":{"start":{"line":267,"column":2},"end":{"line":522,"column":4}},"73":{"start":{"line":268,"column":4},"end":{"line":270,"column":5}},"74":{"start":{"line":269,"column":6},"end":{"line":269,"column":94}},"75":{"start":{"line":272,"column":4},"end":{"line":274,"column":5}},"76":{"start":{"line":273,"column":6},"end":{"line":273,"column":73}},"77":{"start":{"line":276,"column":4},"end":{"line":276,"column":35}},"78":{"start":{"line":277,"column":4},"end":{"line":277,"column":38}},"79":{"start":{"line":278,"column":4},"end":{"line":278,"column":13}},"80":{"start":{"line":280,"column":4},"end":{"line":300,"column":5}},"81":{"start":{"line":282,"column":8},"end":{"line":282,"column":19}},"82":{"start":{"line":285,"column":8},"end":{"line":285,"column":28}},"83":{"start":{"line":286,"column":8},"end":{"line":286,"column":14}},"84":{"start":{"line":289,"column":8},"end":{"line":289,"column":21}},"85":{"start":{"line":290,"column":8},"end":{"line":290,"column":14}},"86":{"start":{"line":295,"column":8},"end":{"line":295,"column":27}},"87":{"start":{"line":296,"column":8},"end":{"line":296,"column":14}},"88":{"start":{"line":299,"column":8},"end":{"line":299,"column":51}},"89":{"start":{"line":303,"column":4},"end":{"line":329,"column":5}},"90":{"start":{"line":304,"column":6},"end":{"line":306,"column":7}},"91":{"start":{"line":305,"column":8},"end":{"line":305,"column":72}},"92":{"start":{"line":308,"column":6},"end":{"line":326,"column":7}},"93":{"start":{"line":309,"column":8},"end":{"line":317,"column":11}},"94":{"start":{"line":310,"column":10},"end":{"line":316,"column":11}},"95":{"start":{"line":311,"column":12},"end":{"line":311,"column":36}},"96":{"start":{"line":313,"column":12},"end":{"line":313,"column":30}},"97":{"start":{"line":314,"column":12},"end":{"line":314,"column":37}},"98":{"start":{"line":315,"column":12},"end":{"line":315,"column":32}},"99":{"start":{"line":319,"column":8},"end":{"line":325,"column":9}},"100":{"start":{"line":320,"column":10},"end":{"line":320,"column":68}},"101":{"start":{"line":321,"column":10},"end":{"line":321,"column":28}},"102":{"start":{"line":322,"column":10},"end":{"line":322,"column":30}},"103":{"start":{"line":324,"column":10},"end":{"line":324,"column":30}},"104":{"start":{"line":328,"column":6},"end":{"line":328,"column":13}},"105":{"start":{"line":333,"column":4},"end":{"line":333,"column":44}},"106":{"start":{"line":335,"column":4},"end":{"line":335,"column":60}},"107":{"start":{"line":338,"column":4},"end":{"line":342,"column":5}},"108":{"start":{"line":339,"column":6},"end":{"line":341,"column":7}},"109":{"start":{"line":340,"column":8},"end":{"line":340,"column":45}},"110":{"start":{"line":345,"column":4},"end":{"line":345,"column":24}},"111":{"start":{"line":346,"column":4},"end":{"line":348,"column":5}},"112":{"start":{"line":347,"column":6},"end":{"line":347,"column":37}},"113":{"start":{"line":351,"column":4},"end":{"line":357,"column":5}},"114":{"start":{"line":352,"column":6},"end":{"line":354,"column":7}},"115":{"start":{"line":353,"column":8},"end":{"line":353,"column":31}},"116":{"start":{"line":355,"column":6},"end":{"line":355,"column":72}},"117":{"start":{"line":356,"column":6},"end":{"line":356,"column":68}},"118":{"start":{"line":360,"column":4},"end":{"line":372,"column":5}},"119":{"start":{"line":361,"column":6},"end":{"line":361,"column":18}},"120":{"start":{"line":362,"column":11},"end":{"line":372,"column":5}},"121":{"start":{"line":363,"column":6},"end":{"line":363,"column":96}},"122":{"start":{"line":365,"column":6},"end":{"line":367,"column":7}},"123":{"start":{"line":366,"column":8},"end":{"line":366,"column":61}},"124":{"start":{"line":368,"column":11},"end":{"line":372,"column":5}},"125":{"start":{"line":371,"column":6},"end":{"line":371,"column":36}},"126":{"start":{"line":374,"column":4},"end":{"line":382,"column":6}},"127":{"start":{"line":385,"column":4},"end":{"line":385,"column":22}},"128":{"start":{"line":388,"column":4},"end":{"line":521,"column":5}},"129":{"start":{"line":390,"column":6},"end":{"line":390,"column":57}},"130":{"start":{"line":393,"column":6},"end":{"line":393,"column":22}},"131":{"start":{"line":396,"column":6},"end":{"line":396,"column":45}},"132":{"start":{"line":399,"column":6},"end":{"line":455,"column":8}},"133":{"start":{"line":402,"column":8},"end":{"line":402,"column":24}},"134":{"start":{"line":405,"column":8},"end":{"line":426,"column":9}},"135":{"start":{"line":407,"column":10},"end":{"line":407,"column":51}},"136":{"start":{"line":408,"column":10},"end":{"line":408,"column":44}},"137":{"start":{"line":410,"column":10},"end":{"line":410,"column":30}},"138":{"start":{"line":412,"column":10},"end":{"line":419,"column":12}},"139":{"start":{"line":422,"column":10},"end":{"line":422,"column":85}},"140":{"start":{"line":423,"column":10},"end":{"line":423,"column":24}},"141":{"start":{"line":425,"column":10},"end":{"line":425,"column":17}},"142":{"start":{"line":428,"column":8},"end":{"line":428,"column":37}},"143":{"start":{"line":430,"column":8},"end":{"line":430,"column":40}},"144":{"start":{"line":431,"column":8},"end":{"line":431,"column":42}},"145":{"start":{"line":433,"column":8},"end":{"line":442,"column":11}},"146":{"start":{"line":435,"column":10},"end":{"line":437,"column":11}},"147":{"start":{"line":436,"column":12},"end":{"line":436,"column":39}},"148":{"start":{"line":439,"column":10},"end":{"line":441,"column":11}},"149":{"start":{"line":440,"column":12},"end":{"line":440,"column":35}},"150":{"start":{"line":444,"column":8},"end":{"line":450,"column":11}},"151":{"start":{"line":445,"column":10},"end":{"line":449,"column":11}},"152":{"start":{"line":447,"column":12},"end":{"line":447,"column":32}},"153":{"start":{"line":448,"column":12},"end":{"line":448,"column":29}},"154":{"start":{"line":452,"column":8},"end":{"line":454,"column":11}},"155":{"start":{"line":453,"column":10},"end":{"line":453,"column":34}},"156":{"start":{"line":458,"column":6},"end":{"line":460,"column":8}},"157":{"start":{"line":459,"column":8},"end":{"line":459,"column":32}},"158":{"start":{"line":463,"column":6},"end":{"line":463,"column":78}},"159":{"start":{"line":466,"column":6},"end":{"line":468,"column":7}},"160":{"start":{"line":467,"column":8},"end":{"line":467,"column":28}},"161":{"start":{"line":470,"column":6},"end":{"line":470,"column":20}},"162":{"start":{"line":472,"column":6},"end":{"line":472,"column":38}},"163":{"start":{"line":475,"column":6},"end":{"line":475,"column":70}},"164":{"start":{"line":476,"column":6},"end":{"line":476,"column":64}},"165":{"start":{"line":477,"column":6},"end":{"line":477,"column":45}},"166":{"start":{"line":479,"column":6},"end":{"line":501,"column":23}},"167":{"start":{"line":503,"column":6},"end":{"line":503,"column":64}},"168":{"start":{"line":504,"column":6},"end":{"line":506,"column":7}},"169":{"start":{"line":507,"column":6},"end":{"line":507,"column":66}},"170":{"start":{"line":509,"column":6},"end":{"line":509,"column":27}},"171":{"start":{"line":511,"column":6},"end":{"line":511,"column":33}},"172":{"start":{"line":513,"column":6},"end":{"line":520,"column":7}},"173":{"start":{"line":514,"column":8},"end":{"line":514,"column":35}},"174":{"start":{"line":516,"column":8},"end":{"line":516,"column":29}},"175":{"start":{"line":517,"column":8},"end":{"line":517,"column":43}},"176":{"start":{"line":518,"column":8},"end":{"line":518,"column":43}},"177":{"start":{"line":519,"column":8},"end":{"line":519,"column":28}},"178":{"start":{"line":527,"column":2},"end":{"line":534,"column":4}},"179":{"start":{"line":528,"column":4},"end":{"line":528,"column":20}},"180":{"start":{"line":529,"column":4},"end":{"line":529,"column":28}},"181":{"start":{"line":530,"column":4},"end":{"line":530,"column":36}},"182":{"start":{"line":531,"column":4},"end":{"line":531,"column":21}},"183":{"start":{"line":532,"column":4},"end":{"line":532,"column":24}},"184":{"start":{"line":533,"column":4},"end":{"line":533,"column":32}},"185":{"start":{"line":539,"column":2},"end":{"line":560,"column":4}},"186":{"start":{"line":540,"column":4},"end":{"line":543,"column":5}},"187":{"start":{"line":541,"column":6},"end":{"line":541,"column":22}},"188":{"start":{"line":542,"column":6},"end":{"line":542,"column":21}},"189":{"start":{"line":545,"column":4},"end":{"line":545,"column":29}},"190":{"start":{"line":546,"column":4},"end":{"line":546,"column":20}},"191":{"start":{"line":547,"column":4},"end":{"line":547,"column":27}},"192":{"start":{"line":548,"column":4},"end":{"line":548,"column":26}},"193":{"start":{"line":550,"column":4},"end":{"line":550,"column":21}},"194":{"start":{"line":552,"column":4},"end":{"line":557,"column":5}},"195":{"start":{"line":555,"column":6},"end":{"line":555,"column":23}},"196":{"start":{"line":556,"column":6},"end":{"line":556,"column":26}},"197":{"start":{"line":558,"column":4},"end":{"line":558,"column":34}},"198":{"start":{"line":559,"column":4},"end":{"line":559,"column":32}},"199":{"start":{"line":565,"column":2},"end":{"line":571,"column":4}},"200":{"start":{"line":566,"column":4},"end":{"line":568,"column":5}},"201":{"start":{"line":567,"column":6},"end":{"line":567,"column":28}},"202":{"start":{"line":570,"column":4},"end":{"line":570,"column":36}},"203":{"start":{"line":577,"column":2},"end":{"line":584,"column":4}},"204":{"start":{"line":578,"column":4},"end":{"line":583,"column":5}},"205":{"start":{"line":580,"column":6},"end":{"line":582,"column":9}},"206":{"start":{"line":581,"column":8},"end":{"line":581,"column":31}},"207":{"start":{"line":589,"column":2},"end":{"line":598,"column":4}},"208":{"start":{"line":590,"column":4},"end":{"line":592,"column":5}},"209":{"start":{"line":591,"column":6},"end":{"line":591,"column":27}},"210":{"start":{"line":593,"column":4},"end":{"line":597,"column":5}},"211":{"start":{"line":594,"column":6},"end":{"line":596,"column":7}},"212":{"start":{"line":595,"column":8},"end":{"line":595,"column":39}},"213":{"start":{"line":605,"column":2},"end":{"line":619,"column":4}},"214":{"start":{"line":606,"column":4},"end":{"line":618,"column":5}},"215":{"start":{"line":607,"column":6},"end":{"line":607,"column":30}},"216":{"start":{"line":609,"column":6},"end":{"line":611,"column":7}},"217":{"start":{"line":610,"column":8},"end":{"line":610,"column":47}},"218":{"start":{"line":613,"column":6},"end":{"line":617,"column":7}},"219":{"start":{"line":614,"column":8},"end":{"line":614,"column":35}},"220":{"start":{"line":616,"column":8},"end":{"line":616,"column":38}}},"branchMap":{"1":{"line":130,"type":"binary-expr","locations":[{"start":{"line":130,"column":11},"end":{"line":130,"column":29}},{"start":{"line":130,"column":34},"end":{"line":130,"column":40}},{"start":{"line":130,"column":44},"end":{"line":130,"column":104}}]},"2":{"line":140,"type":"binary-expr","locations":[{"start":{"line":140,"column":12},"end":{"line":140,"column":18}},{"start":{"line":140,"column":22},"end":{"line":140,"column":68}}]},"3":{"line":161,"type":"if","locations":[{"start":{"line":161,"column":4},"end":{"line":161,"column":4}},{"start":{"line":161,"column":4},"end":{"line":161,"column":4}}]},"4":{"line":168,"type":"cond-expr","locations":[{"start":{"line":168,"column":45},"end":{"line":168,"column":49}},{"start":{"line":168,"column":52},"end":{"line":168,"column":57}}]},"5":{"line":169,"type":"binary-expr","locations":[{"start":{"line":169,"column":14},"end":{"line":169,"column":18}},{"start":{"line":169,"column":22},"end":{"line":169,"column":26}}]},"6":{"line":170,"type":"binary-expr","locations":[{"start":{"line":170,"column":18},"end":{"line":170,"column":26}},{"start":{"line":170,"column":30},"end":{"line":170,"column":34}}]},"7":{"line":193,"type":"if","locations":[{"start":{"line":193,"column":4},"end":{"line":193,"column":4}},{"start":{"line":193,"column":4},"end":{"line":193,"column":4}}]},"8":{"line":196,"type":"if","locations":[{"start":{"line":196,"column":4},"end":{"line":196,"column":4}},{"start":{"line":196,"column":4},"end":{"line":196,"column":4}}]},"9":{"line":200,"type":"if","locations":[{"start":{"line":200,"column":4},"end":{"line":200,"column":4}},{"start":{"line":200,"column":4},"end":{"line":200,"column":4}}]},"10":{"line":203,"type":"binary-expr","locations":[{"start":{"line":203,"column":13},"end":{"line":203,"column":46}},{"start":{"line":203,"column":50},"end":{"line":203,"column":56}}]},"11":{"line":205,"type":"cond-expr","locations":[{"start":{"line":205,"column":40},"end":{"line":205,"column":70}},{"start":{"line":205,"column":73},"end":{"line":205,"column":78}}]},"12":{"line":215,"type":"if","locations":[{"start":{"line":215,"column":4},"end":{"line":215,"column":4}},{"start":{"line":215,"column":4},"end":{"line":215,"column":4}}]},"13":{"line":215,"type":"binary-expr","locations":[{"start":{"line":215,"column":8},"end":{"line":215,"column":34}},{"start":{"line":216,"column":9},"end":{"line":216,"column":38}},{"start":{"line":217,"column":9},"end":{"line":217,"column":17}},{"start":{"line":218,"column":9},"end":{"line":218,"column":25}},{"start":{"line":219,"column":9},"end":{"line":219,"column":47}},{"start":{"line":220,"column":9},"end":{"line":220,"column":19}}]},"14":{"line":234,"type":"if","locations":[{"start":{"line":234,"column":4},"end":{"line":234,"column":4}},{"start":{"line":234,"column":4},"end":{"line":234,"column":4}}]},"15":{"line":234,"type":"binary-expr","locations":[{"start":{"line":234,"column":8},"end":{"line":234,"column":47}},{"start":{"line":234,"column":51},"end":{"line":234,"column":60}}]},"16":{"line":241,"type":"if","locations":[{"start":{"line":241,"column":6},"end":{"line":241,"column":6}},{"start":{"line":241,"column":6},"end":{"line":241,"column":6}}]},"17":{"line":241,"type":"binary-expr","locations":[{"start":{"line":241,"column":10},"end":{"line":241,"column":28}},{"start":{"line":241,"column":32},"end":{"line":241,"column":51}}]},"18":{"line":255,"type":"if","locations":[{"start":{"line":255,"column":4},"end":{"line":255,"column":4}},{"start":{"line":255,"column":4},"end":{"line":255,"column":4}}]},"19":{"line":255,"type":"binary-expr","locations":[{"start":{"line":255,"column":8},"end":{"line":255,"column":32}},{"start":{"line":255,"column":36},"end":{"line":255,"column":67}}]},"20":{"line":268,"type":"if","locations":[{"start":{"line":268,"column":4},"end":{"line":268,"column":4}},{"start":{"line":268,"column":4},"end":{"line":268,"column":4}}]},"21":{"line":272,"type":"if","locations":[{"start":{"line":272,"column":4},"end":{"line":272,"column":4}},{"start":{"line":272,"column":4},"end":{"line":272,"column":4}}]},"22":{"line":280,"type":"switch","locations":[{"start":{"line":281,"column":6},"end":{"line":282,"column":19}},{"start":{"line":284,"column":6},"end":{"line":286,"column":14}},{"start":{"line":288,"column":6},"end":{"line":290,"column":14}},{"start":{"line":292,"column":6},"end":{"line":292,"column":21}},{"start":{"line":293,"column":6},"end":{"line":293,"column":16}},{"start":{"line":294,"column":6},"end":{"line":296,"column":14}},{"start":{"line":298,"column":6},"end":{"line":299,"column":51}}]},"23":{"line":303,"type":"if","locations":[{"start":{"line":303,"column":4},"end":{"line":303,"column":4}},{"start":{"line":303,"column":4},"end":{"line":303,"column":4}}]},"24":{"line":304,"type":"if","locations":[{"start":{"line":304,"column":6},"end":{"line":304,"column":6}},{"start":{"line":304,"column":6},"end":{"line":304,"column":6}}]},"25":{"line":308,"type":"if","locations":[{"start":{"line":308,"column":6},"end":{"line":308,"column":6}},{"start":{"line":308,"column":6},"end":{"line":308,"column":6}}]},"26":{"line":310,"type":"if","locations":[{"start":{"line":310,"column":10},"end":{"line":310,"column":10}},{"start":{"line":310,"column":10},"end":{"line":310,"column":10}}]},"27":{"line":333,"type":"binary-expr","locations":[{"start":{"line":333,"column":15},"end":{"line":333,"column":23}},{"start":{"line":333,"column":28},"end":{"line":333,"column":42}}]},"28":{"line":333,"type":"cond-expr","locations":[{"start":{"line":333,"column":34},"end":{"line":333,"column":37}},{"start":{"line":333,"column":40},"end":{"line":333,"column":42}}]},"29":{"line":335,"type":"cond-expr","locations":[{"start":{"line":335,"column":43},"end":{"line":335,"column":53}},{"start":{"line":335,"column":56},"end":{"line":335,"column":58}}]},"30":{"line":339,"type":"if","locations":[{"start":{"line":339,"column":6},"end":{"line":339,"column":6}},{"start":{"line":339,"column":6},"end":{"line":339,"column":6}}]},"31":{"line":346,"type":"if","locations":[{"start":{"line":346,"column":4},"end":{"line":346,"column":4}},{"start":{"line":346,"column":4},"end":{"line":346,"column":4}}]},"32":{"line":346,"type":"binary-expr","locations":[{"start":{"line":346,"column":11},"end":{"line":346,"column":14}},{"start":{"line":346,"column":18},"end":{"line":346,"column":30}},{"start":{"line":346,"column":35},"end":{"line":346,"column":46}}]},"33":{"line":351,"type":"if","locations":[{"start":{"line":351,"column":4},"end":{"line":351,"column":4}},{"start":{"line":351,"column":4},"end":{"line":351,"column":4}}]},"34":{"line":352,"type":"if","locations":[{"start":{"line":352,"column":6},"end":{"line":352,"column":6}},{"start":{"line":352,"column":6},"end":{"line":352,"column":6}}]},"35":{"line":360,"type":"if","locations":[{"start":{"line":360,"column":4},"end":{"line":360,"column":4}},{"start":{"line":360,"column":4},"end":{"line":360,"column":4}}]},"36":{"line":360,"type":"binary-expr","locations":[{"start":{"line":360,"column":8},"end":{"line":360,"column":33}},{"start":{"line":360,"column":37},"end":{"line":360,"column":63}}]},"37":{"line":362,"type":"if","locations":[{"start":{"line":362,"column":11},"end":{"line":362,"column":11}},{"start":{"line":362,"column":11},"end":{"line":362,"column":11}}]},"38":{"line":363,"type":"cond-expr","locations":[{"start":{"line":363,"column":58},"end":{"line":363,"column":69}},{"start":{"line":363,"column":72},"end":{"line":363,"column":95}}]},"39":{"line":365,"type":"if","locations":[{"start":{"line":365,"column":6},"end":{"line":365,"column":6}},{"start":{"line":365,"column":6},"end":{"line":365,"column":6}}]},"40":{"line":368,"type":"if","locations":[{"start":{"line":368,"column":11},"end":{"line":368,"column":11}},{"start":{"line":368,"column":11},"end":{"line":368,"column":11}}]},"41":{"line":388,"type":"if","locations":[{"start":{"line":388,"column":4},"end":{"line":388,"column":4}},{"start":{"line":388,"column":4},"end":{"line":388,"column":4}}]},"42":{"line":390,"type":"cond-expr","locations":[{"start":{"line":390,"column":28},"end":{"line":390,"column":41}},{"start":{"line":390,"column":44},"end":{"line":390,"column":56}}]},"43":{"line":405,"type":"if","locations":[{"start":{"line":405,"column":8},"end":{"line":405,"column":8}},{"start":{"line":405,"column":8},"end":{"line":405,"column":8}}]},"44":{"line":405,"type":"binary-expr","locations":[{"start":{"line":405,"column":12},"end":{"line":405,"column":39}},{"start":{"line":405,"column":43},"end":{"line":405,"column":70}},{"start":{"line":405,"column":74},"end":{"line":405,"column":101}},{"start":{"line":405,"column":105},"end":{"line":405,"column":132}}]},"45":{"line":416,"type":"cond-expr","locations":[{"start":{"line":416,"column":50},"end":{"line":416,"column":55}},{"start":{"line":416,"column":58},"end":{"line":416,"column":73}}]},"46":{"line":435,"type":"if","locations":[{"start":{"line":435,"column":10},"end":{"line":435,"column":10}},{"start":{"line":435,"column":10},"end":{"line":435,
[...]
 header blacklist.","  // Not part of XHR specs.","  var disableHeaderCheck = false;","","  // Set some default headers","  var defaultHeaders = {","    \"User-Agent\": \"node-XMLHttpRequest\",","    \"Accept\": \"*/*\",","  };","","  var headers = {};","  var headersCase = {};","","  // These headers are not user setable.","  // The following are allowed but banned in the spec:","  // * user-agent","  var forbiddenRequestHeaders = [","    \"accept-charset\",","    \"accept-encoding\",","    \"access-control-request-headers\",","    \"access-control-request-method\",","    \"connection\",","    \"content-length\",","    \"content-transfer-encoding\",","    \"cookie\",","    \"cookie2\",","    \"date\",","    \"expect\",","    \"host\",","    \"keep-alive\",","    \"origin\",","    \"referer\",","    \"te\",","    \"trailer\",","    \"transfer-encoding\",","    \"upgrade\",","    \"via\"","  ];","","  // These request methods are not allowed","  var forbiddenRequestMethods = [","    \"TRACE\",","    \"TRACK\",","    \"CONNECT\"","  ];","","  // Send flag","  var sendFlag = false;","  // Error flag, used when errors occur or abort is called","  var errorFlag = false;","","  // Event listeners","  var listeners = {};","","  /**","   * Constants","   */","","  this.UNSENT = 0;","  this.OPENED = 1;","  this.HEADERS_RECEIVED = 2;","  this.LOADING = 3;","  this.DONE = 4;","","  /**","   * Public vars","   */","","  // Current state","  this.readyState = this.UNSENT;","","  // default ready state change handler in case one is not set or is set late","  this.onreadystatechange = null;","","  // Result & response","  this.responseText = \"\";","  this.responseXML = \"\";","  this.status = null;","  this.statusText = null;","  ","  // Whether cross-site Access-Control requests should be made using","  // credentials such as cookies or authorization headers","  this.withCredentials = false;","","  /**","   * Private methods","   */","","  /**","   * Check if the specified header is allowed.","   *","   * @param string header Header to validate","   * @return boolean False if not allowed, otherwise true","   */","  var isAllowedHttpHeader = function(header) {","    return disableHeaderCheck || (header && forbiddenRequestHeaders.indexOf(header.toLowerCase()) === -1);","  };","","  /**","   * Check if the specified method is allowed.","   *","   * @param string method Request method to validate","   * @return boolean False if not allowed, otherwise true","   */","  var isAllowedHttpMethod = function(method) {","    return (method && forbiddenRequestMethods.indexOf(method) === -1);","  };","","  /**","   * Public methods","   */","","  /**","   * Open the connection. Currently supports local server requests.","   *","   * @param string method Connection method (eg GET, POST)","   * @param string url URL for the connection.","   * @param boolean async Asynchronous connection. Default is true.","   * @param string user Username for basic authentication (optional)","   * @param string password Password for basic authentication (optional)","   */","  this.open = function(method, url, async, user, password) {","    this.abort();","    errorFlag = false;","","    // Check for valid request method","    if (!isAllowedHttpMethod(method)) {","      throw new Error(\"SecurityError: Request method not allowed\");","    }","","    settings = {","      \"method\": method,","      \"url\": url.toString(),","      \"async\": (typeof async !== \"boolean\" ? true : async),","      \"user\": user || null,","      \"password\": password || null","    };","","    setState(this.OPENED);","  };","","  /**","   * Disables or enables isAllowedHttpHeader() check the request. Enabled by default.","   * This does not conform to the W3C spec.","   *","   * @param boolean state Enable or disable header checking.","   */","  this.setDisableHeaderCheck = function(state) {","    disableHeaderCheck = state;","  };","","  /**","   * Sets a header for the request or appends the value if one is already set.","   *","   * @param string header Header name","   * @param string value Header value","   */","  this.setRequestHeader = function(header, value) {","    if (this.readyState !== this.OPENED) {","      throw new Error(\"INVALID_STATE_ERR: setRequestHeader can only be called when state is OPEN\");","    }","    if (!isAllowedHttpHeader(header)) {","      console.warn(\"Refused to set unsafe header \\\"\" + header + \"\\\"\");","      return;","    }","    if (sendFlag) {","      throw new Error(\"INVALID_STATE_ERR: send flag is true\");","    }","    header = headersCase[header.toLowerCase()] || header;","    headersCase[header.toLowerCase()] = header;","    headers[header] = headers[header] ? headers[header] + ', ' + value : value;","  };","","  /**","   * Gets a header from the server response.","   *","   * @param string header Name of header to get.","   * @return string Text of the header or null if it doesn't exist.","   */","  this.getResponseHeader = function(header) {","    if (typeof header === \"string\"","      && this.readyState > this.OPENED","      && response","      && response.headers","      && response.headers[header.toLowerCase()]","      && !errorFlag","    ) {","      return response.headers[header.toLowerCase()];","    }","","    return null;","  };","","  /**","   * Gets all the response headers.","   *","   * @return string A string with all response headers separated by CR+LF","   */","  this.getAllResponseHeaders = function() {","    if (this.readyState < this.HEADERS_RECEIVED || errorFlag) {","      return \"\";","    }","    var result = \"\";","","    for (var i in response.headers) {","      // Cookie headers are excluded","      if (i !== \"set-cookie\" && i !== \"set-cookie2\") {","        result += i + \": \" + response.headers[i] + \"\\r\\n\";","      }","    }","    return result.substr(0, result.length - 2);","  };","","  /**","   * Gets a request header","   *","   * @param string name Name of header to get","   * @return string Returns the request header or empty string if not set","   */","  this.getRequestHeader = function(name) {","    if (typeof name === \"string\" && headersCase[name.toLowerCase()]) {","      return headers[headersCase[name.toLowerCase()]];","    }","","    return \"\";","  };","","  /**","   * Sends the request to the server.","   *","   * @param string data Optional data to send as request body.","   */","  this.send = function(data) {","    if (this.readyState !== this.OPENED) {","      throw new Error(\"INVALID_STATE_ERR: connection must be opened before send() is called\");","    }","","    if (sendFlag) {","      throw new Error(\"INVALID_STATE_ERR: send has already been called\");","    }","","    var ssl = false, local = false;","    var url = Url.parse(settings.url);","    var host;","    // Determine the server","    switch (url.protocol) {","      case \"https:\":","        ssl = true;","        // SSL & non-SSL both need host, no break here.","      case \"http:\":","        host = url.hostname;","        break;","","      case \"file:\":","        local = true;","        break;","","      case undefined:","      case null:","      case \"\":","        host = \"localhost\";","        break;","","      default:","        throw new Error(\"Protocol not supported.\");","    }","","    // Load files off the local filesystem (file://)","    if (local) {","      if (settings.method !== \"GET\") {","        throw new Error(\"XMLHttpRequest: Only GET method is supported\");","      }","","      if (settings.async) {","        fs.readFile(url.pathname, \"utf8\", function(error, data) {","          if (error) {","            self.handleError(error);","          } else {","            self.status = 200;","            self.responseText = data;","            setState(self.DONE);","          }","        });","      } else {","        try {","          this.responseText = fs.readFileSync(url.pathname, \"utf8\");","          this.status = 200;","          setState(self.DONE);","        } catch(e) {","          this.handleError(e);","        }","      }","","      return;","    }","","    // Default to port 80. If accessing localhost on another port be sure","    // to use http://localhost:port/path","    var port = url.port || (ssl ? 443 : 80);","    // Add query string if one is used","    var uri = url.pathname + (url.search ? url.search : \"\");","","    // Set the defaults if they haven't been set","    for (var name in defaultHeaders) {","      if (!headersCase[name.toLowerCase()]) {","        headers[name] = defaultHeaders[name];","      }","    }","","    // Set the Host header or the server may reject the request","    headers.Host = host;","    if (!((ssl && port === 443) || port === 80)) {","      headers.Host += \":\" + url.port;","    }","","    // Set Basic Auth if necessary","    if (settings.user) {","      if (typeof settings.password === \"undefined\") {","        settings.password = \"\";","      }","      var authBuf = new Buffer(settings.user + \":\" + settings.password);","      headers.Authorization = \"Basic \" + authBuf.toString(\"base64\");","    }","","    // Set content length header","    if (settings.method === \"GET\" || settings.method === \"HEAD\") {","      data = null;","    } else if (data) {","      headers[\"Content-Length\"] = Buffer.isBuffer(data) ? data.length : Buffer.byteLength(data);","","      if (!headers[\"Content-Type\"]) {","        headers[\"Content-Type\"] = \"text/plain;charset=UTF-8\";","      }","    } else if (settings.method === \"POST\") {","      // For a post with no data set Content-Length: 0.","      // This is required by buggy servers that don't meet the specs.","      headers[\"Content-Length\"] = 0;","    }","","    var options = {","      host: host,","      port: port,","      path: uri,","      method: settings.method,","      headers: headers,","      agent: false,","      withCredentials: self.withCredentials","    };","","    // Reset error flag","    errorFlag = false;","","    // Handle async requests","    if (settings.async) {","      // Use the proper protocol","      var doRequest = ssl ? https.request : http.request;","","      // Request is being sent, set send flag","      sendFlag = true;","","      // As per spec, this is called here for historical reasons.","      self.dispatchEvent(\"readystatechange\");","","      // Handler for the response","      var responseHandler = function responseHandler(resp) {","        // Set response var to the response we got back","        // This is so it remains accessable outside this scope","        response = resp;","        // Check for redirect","        // @TODO Prevent looped redirects","        if (response.statusCode === 301 || response.statusCode === 302 || response.statusCode === 303 || response.statusCode === 307) {","          // Change URL to the redirect location","          settings.url = response.headers.location;","          var url = Url.parse(settings.url);","          // Set host var in case it's used later","          host = url.hostname;","          // Options for the new request","          var newOptions = {","            hostname: url.hostname,","            port: url.port,","            path: url.path,","            method: response.statusCode === 303 ? \"GET\" : settings.method,","            headers: headers,","            withCredentials: self.withCredentials","          };","","          // Issue the new request","          request = doRequest(newOptions, responseHandler).on(\"error\", errorHandler);","          request.end();","          // @TODO Check if an XHR event needs to be fired here","          return;","        }","","        response.setEncoding(\"utf8\");","","        setState(self.HEADERS_RECEIVED);","        self.status = response.statusCode;","","        response.on(\"data\", function(chunk) {","          // Make sure there's some data","          if (chunk) {","            self.responseText += chunk;","          }","          // Don't emit state changes if the connection has been aborted.","          if (sendFlag) {","            setState(self.LOADING);","          }","        });","","        response.on(\"end\", function() {","          if (sendFlag) {","            // Discard the end event if the connection has been aborted","            setState(self.DONE);","            sendFlag = false;","          }","        });","","        response.on(\"error\", function(error) {","          self.handleError(error);","        });","      };","","      // Error handler for the request","      var errorHandler = function errorHandler(error) {","        self.handleError(error);","      };","","      // Create the request","      request = doRequest(options, responseHandler).on(\"error\", errorHandler);","","      // Node 0.4 and later won't accept empty data. Make sure it's needed.","      if (data) {","        request.write(data);","      }","","      request.end();","","      self.dispatchEvent(\"loadstart\");","    } else { // Synchronous","      // Create a temporary file for communication with the other Node process","      var contentFile = \".node-xmlhttprequest-content-\" + process.pid;","      var syncFile = \".node-xmlhttprequest-sync-\" + process.pid;","      fs.writeFileSync(syncFile, \"\", \"utf8\");","      // The async request the other Node process executes","      var execString = \"var http = require('http'), https = require('https'), fs = require('fs');\"","        + \"var doRequest = http\" + (ssl ? \"s\" : \"\") + \".request;\"","        + \"var options = \" + JSON.stringify(options) + \";\"","        + \"var responseText = '';\"","        + \"var req = doRequest(options, function(response) {\"","        + \"response.setEncoding('utf8');\"","        + \"response.on('data', function(chunk) {\"","        + \"  responseText += chunk;\"","        + \"});\"","        + \"response.on('end', function() {\"","        + \"fs.writeFileSync('\" + contentFile + \"', JSON.stringify({err: null, data: {statusCode: response.statusCode, headers: response.headers, text: responseText}}), 'utf8');\"","        + \"fs.unlinkSync('\" + syncFile + \"');\"","        + \"});\"","        + \"response.on('error', function(error) {\"","        + \"fs.writeFileSync('\" + contentFile + \"', JSON.stringify({err: error}), 'utf8');\"","        + \"fs.unlinkSync('\" + syncFile + \"');\"","        + \"});\"","        + \"}).on('error', function(error) {\"","        + \"fs.writeFileSync('\" + contentFile + \"', JSON.stringify({err: error}), 'utf8');\"","        + \"fs.unlinkSync('\" + syncFile + \"');\"","        + \"});\"","        + (data ? \"req.write('\" + JSON.stringify(data).slice(1,-1).replace(/'/g, \"\\\\'\") + \"');\":\"\")","        + \"req.end();\";","      // Start the other Node Process, executing this string","      var syncProc = spawn(process.argv[0], [\"-e\", execString]);","      while(fs.existsSync(syncFile)) {","        // Wait while the sync file is empty","      }","      var resp = JSON.parse(fs.readFileSync(contentFile, 'utf8'));","      // Kill the child process once the file has data","      syncProc.stdin.end();","      // Remove the temporary file","      fs.unlinkSync(contentFile);","","      if (resp.err) {","        self.handleError(resp.err);","      } else {","        response = resp.data;","        self.status = resp.data.statusCode;","        self.responseText = resp.data.text;","        setState(self.DONE);","      }","    }","  };","","  /**","   * Called when an error is encountered to deal with it.","   */","  this.handleError = function(error) {","    this.status = 0;","    this.statusText = error;","    this.responseText = error.stack;","    errorFlag = true;","    setState(this.DONE);","    this.dispatchEvent('error');","  };","","  /**","   * Aborts a request.","   */","  this.abort = function() {","    if (request) {","      request.abort();","      request = null;","    }","","    headers = defaultHeaders;","    this.status = 0;","    this.responseText = \"\";","    this.responseXML = \"\";","","    errorFlag = true;","","    if (this.readyState !== this.UNSENT","        && (this.readyState !== this.OPENED || sendFlag)","        && this.readyState !== this.DONE) {","      sendFlag = false;","      setState(this.DONE);","    }","    this.readyState = this.UNSENT;","    this.dispatchEvent('abort');","  };","","  /**","   * Adds an event listener. Preferred method of binding to events.","   */","  this.addEventListener = function(event, callback) {","    if (!(event in listeners)) {","      listeners[event] = [];","    }","    // Currently allows duplicate callbacks. Should it?","    listeners[event].push(callback);","  };","","  /**","   * Remove an event callback that has already been bound.","   * Only works on the matching funciton, cannot be a copy.","   */","  this.removeEventListener = function(event, callback) {","    if (event in listeners) {","      // Filter will return a new array with the callback removed","      listeners[event] = listeners[event].filter(function(ev) {","        return ev !== callback;","      });","    }","  };","","  /**","   * Dispatch any events, including both \"on\" methods and events attached using addEventListener.","   */","  this.dispatchEvent = function(event) {","    if (typeof self[\"on\" + event] === \"function\") {","      self[\"on\" + event]();","    }","    if (event in listeners) {","      for (var i = 0, len = listeners[event].length; i < len; i++) {","        listeners[event][i].call(self);","      }","    }","  };","","  /**","   * Changes readyState and calls onreadystatechange.","   *","   * @param int state New state","   */","  var setState = function(state) {","    if (state == self.LOADING || self.readyState !== state) {","      self.readyState = state;","","      if (settings.async || self.readyState < self.OPENED || self.readyState === self.DONE) {","        self.dispatchEvent(\"readystatechange\");","      }","","      if (self.readyState === self.DONE && !errorFlag) {","        self.dispatchEvent(\"load\");","        // @TODO figure out InspectorInstrumentation::didLoadXHR(cookie)","        self.dispatchEvent(\"loadend\");","      }","    }","  };","};",""],"l":{"14":1,"15":1,"16":1,"18":1,"24":0,"25":0,"26":0,"29":0,"30":0,"33":0,"37":0,"40":0,"45":0,"46":0,"51":0,"75":0,"82":0,"84":0,"87":0,"93":0,"94":0,"95":0,"96":0,"97":0,"104":0,"107":0,"110":0,"111":0,"112":0,"113":0,"117":0,"129":0,"130":0,"139":0,"140":0,"156":0,"157":0,"158":0,"161":0,"162":0,"165":0,"173":0,"182":0,"183":0,"192":0,"193":0,"194":0,"196":0,"197":0,"198":0,"200":0,"201":0,"203":0,"204":0,"205":0,"214":0,"215":0,"222":0,"225":0,"233":0,"234":0,"235":0,"237":0,"239":0,"241":0,"242":0,"245":0,"254":0,"255":0,"256":0,"259":0,"267":0,"268":0,"269":0,"272":0,"273":0,"276":0,"277":0,"278":0,"280":0,"282":0,"285":0,"286":0,"289":0,"290":0,"295":0,"296":0,"299":0,"303":0,"304":0,"305":0,"308":0,"309":0,"310":0,"311":0,"313":0,"314":0,"315":0,"319":0,"320":0,"321":0,"322":0,"324":0,"328":0,"333":0,"335":0,"338":0,"339":0,"340":0,"345":0,"346":0,"347":0,"351":0,"352":0,"353":0,"355":0,"356":0,"360":0,"361":0,"362":0,"363":0,"365":0,"366":0,"368":0,"371":0,"374":0,"385":0,"388":0,"390":0,"393":0,"396":0,"399":0,"402":0,"405":0,"407":0,"408":0,"410":0,"412":0,"422":0,"423":0,"425":0,"428":0,"430":0,"431":0,"433":0,"435":0,"436":0,"439":0,"440":0,"444":0,"445":0,"447":0,"448":0,"452":0,"453":0,"458":0,"459":0,"463":0,"466":0,"467":0,"470":0,"472":0,"475":0,"476":0,"477":0,"479":0,"503":0,"504":0,"507":0,"509":0,"511":0,"513":0,"514":0,"516":0,"517":0,"518":0,"519":0,"527":0,"528":0,"529":0,"530":0,"531":0,"532":0,"533":0,"539":0,"540":0,"541":0,"542":0,"545":0,"546":0,"547":0,"548":0,"550":0,"552":0,"555":0,"556":0,"558":0,"559":0,"565":0,"566":0,"567":0,"570":0,"577":0,"578":0,"580":0,"581":0,"589":0,"590":0,"591":0,"593":0,"594":0,"595":0,"605":0,"606":0,"607":0,"609":0,"610":0,"613":0,"614":0,"616":0}}}